GowinSynthesis start
Running parser ...
Analyzing Verilog file 'D:\document\GitHub\PE_module\OV5640\OV5640_LCD480_FIFO\src\gowin_rpll\cmos_pll.v'
Analyzing Verilog file 'D:\document\GitHub\PE_module\OV5640\OV5640_LCD480_FIFO\src\i2c_master\i2c_config.v'
Analyzing Verilog file 'D:\document\GitHub\PE_module\OV5640\OV5640_LCD480_FIFO\src\i2c_master\i2c_master_bit_ctrl.v'
Analyzing included file 'D:\document\GitHub\PE_module\OV5640\OV5640_LCD480_FIFO\src\i2c_master\i2c_master_defines.v'("D:\document\GitHub\PE_module\OV5640\OV5640_LCD480_FIFO\src\i2c_master\i2c_master_bit_ctrl.v":141)
Back to file 'D:\document\GitHub\PE_module\OV5640\OV5640_LCD480_FIFO\src\i2c_master\i2c_master_bit_ctrl.v'("D:\document\GitHub\PE_module\OV5640\OV5640_LCD480_FIFO\src\i2c_master\i2c_master_bit_ctrl.v":141)
Analyzing Verilog file 'D:\document\GitHub\PE_module\OV5640\OV5640_LCD480_FIFO\src\i2c_master\i2c_master_byte_ctrl.v'
Analyzing included file 'D:\document\GitHub\PE_module\OV5640\OV5640_LCD480_FIFO\src\i2c_master\i2c_master_defines.v'("D:\document\GitHub\PE_module\OV5640\OV5640_LCD480_FIFO\src\i2c_master\i2c_master_byte_ctrl.v":73)
Back to file 'D:\document\GitHub\PE_module\OV5640\OV5640_LCD480_FIFO\src\i2c_master\i2c_master_byte_ctrl.v'("D:\document\GitHub\PE_module\OV5640\OV5640_LCD480_FIFO\src\i2c_master\i2c_master_byte_ctrl.v":73)
Analyzing Verilog file 'D:\document\GitHub\PE_module\OV5640\OV5640_LCD480_FIFO\src\i2c_master\i2c_master_defines.v'
Analyzing Verilog file 'D:\document\GitHub\PE_module\OV5640\OV5640_LCD480_FIFO\src\i2c_master\i2c_master_top.v'
Analyzing Verilog file 'D:\document\GitHub\PE_module\OV5640\OV5640_LCD480_FIFO\src\i2c_master\timescale.v'
Analyzing Verilog file 'D:\document\GitHub\PE_module\OV5640\OV5640_LCD480_FIFO\src\lut_ov5640_rgb565_480_272.v'
Analyzing Verilog file 'D:\document\GitHub\PE_module\OV5640\OV5640_LCD480_FIFO\src\top.v'
Undeclared symbol 'lcd_hs', assumed default net type 'wire'("D:\document\GitHub\PE_module\OV5640\OV5640_LCD480_FIFO\src\top.v":31)
Undeclared symbol 'lcd_vs', assumed default net type 'wire'("D:\document\GitHub\PE_module\OV5640\OV5640_LCD480_FIFO\src\top.v":32)
Undeclared symbol 'lcd_de', assumed default net type 'wire'("D:\document\GitHub\PE_module\OV5640\OV5640_LCD480_FIFO\src\top.v":33)
Undeclared symbol 'lcd_r', assumed default net type 'wire'("D:\document\GitHub\PE_module\OV5640\OV5640_LCD480_FIFO\src\top.v":34)
Undeclared symbol 'lcd_g', assumed default net type 'wire'("D:\document\GitHub\PE_module\OV5640\OV5640_LCD480_FIFO\src\top.v":35)
Undeclared symbol 'lcd_b', assumed default net type 'wire'("D:\document\GitHub\PE_module\OV5640\OV5640_LCD480_FIFO\src\top.v":36)
Undeclared symbol 'lcd_dclk', assumed default net type 'wire'("D:\document\GitHub\PE_module\OV5640\OV5640_LCD480_FIFO\src\top.v":37)
Undeclared symbol 'cmos_clk', assumed default net type 'wire'("D:\document\GitHub\PE_module\OV5640\OV5640_LCD480_FIFO\src\top.v":72)
Analyzing Verilog file 'D:\document\GitHub\PE_module\OV5640\OV5640_LCD480_FIFO\src\gowin_pll\gowin_pll.v'
Analyzing Verilog file 'D:\document\GitHub\PE_module\OV5640\OV5640_LCD480_FIFO\src\gowin_pll400M\gowin_pll400M.v'
Analyzing Verilog file 'D:\document\GitHub\PE_module\OV5640\OV5640_LCD480_FIFO\src\gowin_pll_200M\gowin_pll_200M.v'
Analyzing Verilog file 'C:\Gowin\Gowin_V1.9.9Beta-5\IDE\data\ipcores\GAO\GW_AO_0\gw_ao_crc32.v'
Analyzing Verilog file 'C:\Gowin\Gowin_V1.9.9Beta-5\IDE\data\ipcores\GAO\GW_AO_0\gw_ao_match.v'
Analyzing included file 'C:\Gowin\Gowin_V1.9.9Beta-5\IDE\data\ipcores\GAO\GW_AO_0\gw_ao_define.v'("C:\Gowin\Gowin_V1.9.9Beta-5\IDE\data\ipcores\GAO\GW_AO_0\gw_ao_match.v":327)
Back to file 'C:\Gowin\Gowin_V1.9.9Beta-5\IDE\data\ipcores\GAO\GW_AO_0\gw_ao_match.v'("C:\Gowin\Gowin_V1.9.9Beta-5\IDE\data\ipcores\GAO\GW_AO_0\gw_ao_match.v":327)
Analyzing Verilog file 'C:\Gowin\Gowin_V1.9.9Beta-5\IDE\data\ipcores\GAO\GW_AO_0\gw_ao_mem_ctrl.v'
Analyzing included file 'D:\document\GitHub\PE_module\OV5640\OV5640_LCD480_FIFO\impl\gwsynthesis\RTL_GAO\ao_0\gw_ao_top_define.v'("C:\Gowin\Gowin_V1.9.9Beta-5\IDE\data\ipcores\GAO\GW_AO_0\gw_ao_mem_ctrl.v":150)
Back to file 'C:\Gowin\Gowin_V1.9.9Beta-5\IDE\data\ipcores\GAO\GW_AO_0\gw_ao_mem_ctrl.v'("C:\Gowin\Gowin_V1.9.9Beta-5\IDE\data\ipcores\GAO\GW_AO_0\gw_ao_mem_ctrl.v":150)
Analyzing Verilog file 'C:\Gowin\Gowin_V1.9.9Beta-5\IDE\data\ipcores\GAO\GW_AO_0\gw_ao_top.v'
Analyzing included file 'C:\Gowin\Gowin_V1.9.9Beta-5\IDE\data\ipcores\GAO\GW_AO_0\gw_ao_define.v'("C:\Gowin\Gowin_V1.9.9Beta-5\IDE\data\ipcores\GAO\GW_AO_0\gw_ao_top.v":2738)
Back to file 'C:\Gowin\Gowin_V1.9.9Beta-5\IDE\data\ipcores\GAO\GW_AO_0\gw_ao_top.v'("C:\Gowin\Gowin_V1.9.9Beta-5\IDE\data\ipcores\GAO\GW_AO_0\gw_ao_top.v":2738)
Analyzing included file 'D:\document\GitHub\PE_module\OV5640\OV5640_LCD480_FIFO\impl\gwsynthesis\RTL_GAO\ao_0\gw_ao_top_define.v'("C:\Gowin\Gowin_V1.9.9Beta-5\IDE\data\ipcores\GAO\GW_AO_0\gw_ao_top.v":2738)
Back to file 'C:\Gowin\Gowin_V1.9.9Beta-5\IDE\data\ipcores\GAO\GW_AO_0\gw_ao_top.v'("C:\Gowin\Gowin_V1.9.9Beta-5\IDE\data\ipcores\GAO\GW_AO_0\gw_ao_top.v":2738)
Analyzing included file 'D:\document\GitHub\PE_module\OV5640\OV5640_LCD480_FIFO\impl\gwsynthesis\RTL_GAO\ao_0\gw_ao_expression.v'("C:\Gowin\Gowin_V1.9.9Beta-5\IDE\data\ipcores\GAO\GW_AO_0\gw_ao_top.v":2738)
Back to file 'C:\Gowin\Gowin_V1.9.9Beta-5\IDE\data\ipcores\GAO\GW_AO_0\gw_ao_top.v'("C:\Gowin\Gowin_V1.9.9Beta-5\IDE\data\ipcores\GAO\GW_AO_0\gw_ao_top.v":2738)
Analyzing included file 'D:\document\GitHub\PE_module\OV5640\OV5640_LCD480_FIFO\impl\gwsynthesis\RTL_GAO\ao_0\gw_ao_parameter.v'("C:\Gowin\Gowin_V1.9.9Beta-5\IDE\data\ipcores\GAO\GW_AO_0\gw_ao_top.v":2738)
Back to file 'C:\Gowin\Gowin_V1.9.9Beta-5\IDE\data\ipcores\GAO\GW_AO_0\gw_ao_top.v'("C:\Gowin\Gowin_V1.9.9Beta-5\IDE\data\ipcores\GAO\GW_AO_0\gw_ao_top.v":2738)
Analyzing Verilog file 'C:\Gowin\Gowin_V1.9.9Beta-5\IDE\data\ipcores\GAO\GW_CON\gw_con_top_138.v'
Analyzing included file 'D:\document\GitHub\PE_module\OV5640\OV5640_LCD480_FIFO\impl\gwsynthesis\RTL_GAO\ao_control\gw_con_top_define.v'("C:\Gowin\Gowin_V1.9.9Beta-5\IDE\data\ipcores\GAO\GW_CON\gw_con_top_138.v":396)
Back to file 'C:\Gowin\Gowin_V1.9.9Beta-5\IDE\data\ipcores\GAO\GW_CON\gw_con_top_138.v'("C:\Gowin\Gowin_V1.9.9Beta-5\IDE\data\ipcores\GAO\GW_CON\gw_con_top_138.v":396)
Analyzing included file 'D:\document\GitHub\PE_module\OV5640\OV5640_LCD480_FIFO\impl\gwsynthesis\RTL_GAO\ao_control\gw_con_parameter.v'("C:\Gowin\Gowin_V1.9.9Beta-5\IDE\data\ipcores\GAO\GW_CON\gw_con_top_138.v":396)
Back to file 'C:\Gowin\Gowin_V1.9.9Beta-5\IDE\data\ipcores\GAO\GW_CON\gw_con_top_138.v'("C:\Gowin\Gowin_V1.9.9Beta-5\IDE\data\ipcores\GAO\GW_CON\gw_con_top_138.v":396)
Analyzing Verilog file 'C:\Gowin\Gowin_V1.9.9Beta-5\IDE\data\ipcores\gw_jtag.v'
Analyzing Verilog file 'D:\document\GitHub\PE_module\OV5640\OV5640_LCD480_FIFO\impl\gwsynthesis\RTL_GAO\gw_gao_top.v'
Compiling module 'cmos_pll'("D:\document\GitHub\PE_module\OV5640\OV5640_LCD480_FIFO\src\gowin_rpll\cmos_pll.v":9)
Compiling module 'i2c_config'("D:\document\GitHub\PE_module\OV5640\OV5640_LCD480_FIFO\src\i2c_master\i2c_config.v":1)
Compiling module 'i2c_master_top'("D:\document\GitHub\PE_module\OV5640\OV5640_LCD480_FIFO\src\i2c_master\i2c_master_top.v":1)
Compiling module 'i2c_master_byte_ctrl'("D:\document\GitHub\PE_module\OV5640\OV5640_LCD480_FIFO\src\i2c_master\i2c_master_byte_ctrl.v":75)
Compiling module 'i2c_master_bit_ctrl'("D:\document\GitHub\PE_module\OV5640\OV5640_LCD480_FIFO\src\i2c_master\i2c_master_bit_ctrl.v":143)
WARN  (EX2629) : Delay control is not supported for synthesis("D:\document\GitHub\PE_module\OV5640\OV5640_LCD480_FIFO\src\i2c_master\i2c_master_bit_ctrl.v":194)
WARN  (EX2629) : Delay control is not supported for synthesis("D:\document\GitHub\PE_module\OV5640\OV5640_LCD480_FIFO\src\i2c_master\i2c_master_bit_ctrl.v":211)
WARN  (EX2629) : Delay control is not supported for synthesis("D:\document\GitHub\PE_module\OV5640\OV5640_LCD480_FIFO\src\i2c_master\i2c_master_bit_ctrl.v":212)
WARN  (EX2629) : Delay control is not supported for synthesis("D:\document\GitHub\PE_module\OV5640\OV5640_LCD480_FIFO\src\i2c_master\i2c_master_bit_ctrl.v":216)
WARN  (EX2629) : Delay control is not supported for synthesis("D:\document\GitHub\PE_module\OV5640\OV5640_LCD480_FIFO\src\i2c_master\i2c_master_bit_ctrl.v":217)
WARN  (EX2629) : Delay control is not supported for synthesis("D:\document\GitHub\PE_module\OV5640\OV5640_LCD480_FIFO\src\i2c_master\i2c_master_bit_ctrl.v":221)
WARN  (EX2629) : Delay control is not supported for synthesis("D:\document\GitHub\PE_module\OV5640\OV5640_LCD480_FIFO\src\i2c_master\i2c_master_bit_ctrl.v":222)
WARN  (EX2629) : Delay control is not supported for synthesis("D:\document\GitHub\PE_module\OV5640\OV5640_LCD480_FIFO\src\i2c_master\i2c_master_bit_ctrl.v":226)
WARN  (EX2629) : Delay control is not supported for synthesis("D:\document\GitHub\PE_module\OV5640\OV5640_LCD480_FIFO\src\i2c_master\i2c_master_bit_ctrl.v":227)
WARN  (EX2629) : Delay control is not supported for synthesis("D:\document\GitHub\PE_module\OV5640\OV5640_LCD480_FIFO\src\i2c_master\i2c_master_bit_ctrl.v":238)
WARN  (EX2629) : Delay control is not supported for synthesis("D:\document\GitHub\PE_module\OV5640\OV5640_LCD480_FIFO\src\i2c_master\i2c_master_bit_ctrl.v":239)
WARN  (EX2629) : Delay control is not supported for synthesis("D:\document\GitHub\PE_module\OV5640\OV5640_LCD480_FIFO\src\i2c_master\i2c_master_bit_ctrl.v":243)
WARN  (EX2629) : Delay control is not supported for synthesis("D:\document\GitHub\PE_module\OV5640\OV5640_LCD480_FIFO\src\i2c_master\i2c_master_bit_ctrl.v":244)
WARN  (EX3791) : Expression size 32 truncated to fit in target size 14("D:\document\GitHub\PE_module\OV5640\OV5640_LCD480_FIFO\src\i2c_master\i2c_master_bit_ctrl.v":258)
WARN  (EX2629) : Delay control is not supported for synthesis("D:\document\GitHub\PE_module\OV5640\OV5640_LCD480_FIFO\src\i2c_master\i2c_master_bit_ctrl.v":283)
WARN  (EX2629) : Delay control is not supported for synthesis("D:\document\GitHub\PE_module\OV5640\OV5640_LCD480_FIFO\src\i2c_master\i2c_master_bit_ctrl.v":284)
WARN  (EX2629) : Delay control is not supported for synthesis("D:\document\GitHub\PE_module\OV5640\OV5640_LCD480_FIFO\src\i2c_master\i2c_master_bit_ctrl.v":286)
WARN  (EX2629) : Delay control is not supported for synthesis("D:\document\GitHub\PE_module\OV5640\OV5640_LCD480_FIFO\src\i2c_master\i2c_master_bit_ctrl.v":287)
WARN  (EX2629) : Delay control is not supported for synthesis("D:\document\GitHub\PE_module\OV5640\OV5640_LCD480_FIFO\src\i2c_master\i2c_master_bit_ctrl.v":291)
WARN  (EX2629) : Delay control is not supported for synthesis("D:\document\GitHub\PE_module\OV5640\OV5640_LCD480_FIFO\src\i2c_master\i2c_master_bit_ctrl.v":292)
WARN  (EX2629) : Delay control is not supported for synthesis("D:\document\GitHub\PE_module\OV5640\OV5640_LCD480_FIFO\src\i2c_master\i2c_master_bit_ctrl.v":294)
WARN  (EX2629) : Delay control is not supported for synthesis("D:\document\GitHub\PE_module\OV5640\OV5640_LCD480_FIFO\src\i2c_master\i2c_master_bit_ctrl.v":295)
WARN  (EX2629) : Delay control is not supported for synthesis("D:\document\GitHub\PE_module\OV5640\OV5640_LCD480_FIFO\src\i2c_master\i2c_master_bit_ctrl.v":299)
WARN  (EX2629) : Delay control is not supported for synthesis("D:\document\GitHub\PE_module\OV5640\OV5640_LCD480_FIFO\src\i2c_master\i2c_master_bit_ctrl.v":300)
WARN  (EX2629) : Delay control is not supported for synthesis("D:\document\GitHub\PE_module\OV5640\OV5640_LCD480_FIFO\src\i2c_master\i2c_master_bit_ctrl.v":302)
WARN  (EX2629) : Delay control is not supported for synthesis("D:\document\GitHub\PE_module\OV5640\OV5640_LCD480_FIFO\src\i2c_master\i2c_master_bit_ctrl.v":303)
WARN  (EX2629) : Delay control is not supported for synthesis("D:\document\GitHub\PE_module\OV5640\OV5640_LCD480_FIFO\src\i2c_master\i2c_master_bit_ctrl.v":313)
WARN  (EX2629) : Delay control is not supported for synthesis("D:\document\GitHub\PE_module\OV5640\OV5640_LCD480_FIFO\src\i2c_master\i2c_master_bit_ctrl.v":314)
WARN  (EX2629) : Delay control is not supported for synthesis("D:\document\GitHub\PE_module\OV5640\OV5640_LCD480_FIFO\src\i2c_master\i2c_master_bit_ctrl.v":318)
WARN  (EX2629) : Delay control is not supported for synthesis("D:\document\GitHub\PE_module\OV5640\OV5640_LCD480_FIFO\src\i2c_master\i2c_master_bit_ctrl.v":319)
WARN  (EX2629) : Delay control is not supported for synthesis("D:\document\GitHub\PE_module\OV5640\OV5640_LCD480_FIFO\src\i2c_master\i2c_master_bit_ctrl.v":323)
WARN  (EX2629) : Delay control is not supported for synthesis("D:\document\GitHub\PE_module\OV5640\OV5640_LCD480_FIFO\src\i2c_master\i2c_master_bit_ctrl.v":324)
WARN  (EX2629) : Delay control is not supported for synthesis("D:\document\GitHub\PE_module\OV5640\OV5640_LCD480_FIFO\src\i2c_master\i2c_master_bit_ctrl.v":330)
WARN  (EX2629) : Delay control is not supported for synthesis("D:\document\GitHub\PE_module\OV5640\OV5640_LCD480_FIFO\src\i2c_master\i2c_master_bit_ctrl.v":331)
WARN  (EX2629) : Delay control is not supported for synthesis("D:\document\GitHub\PE_module\OV5640\OV5640_LCD480_FIFO\src\i2c_master\i2c_master_bit_ctrl.v":332)
WARN  (EX2629) : Delay control is not supported for synthesis("D:\document\GitHub\PE_module\OV5640\OV5640_LCD480_FIFO\src\i2c_master\i2c_master_bit_ctrl.v":342)
WARN  (EX2629) : Delay control is not supported for synthesis("D:\document\GitHub\PE_module\OV5640\OV5640_LCD480_FIFO\src\i2c_master\i2c_master_bit_ctrl.v":344)
WARN  (EX2629) : Delay control is not supported for synthesis("D:\document\GitHub\PE_module\OV5640\OV5640_LCD480_FIFO\src\i2c_master\i2c_master_bit_ctrl.v":346)
WARN  (EX2629) : Delay control is not supported for synthesis("D:\document\GitHub\PE_module\OV5640\OV5640_LCD480_FIFO\src\i2c_master\i2c_master_bit_ctrl.v":350)
WARN  (EX2629) : Delay control is not supported for synthesis("D:\document\GitHub\PE_module\OV5640\OV5640_LCD480_FIFO\src\i2c_master\i2c_master_bit_ctrl.v":352)
WARN  (EX2629) : Delay control is not supported for synthesis("D:\document\GitHub\PE_module\OV5640\OV5640_LCD480_FIFO\src\i2c_master\i2c_master_bit_ctrl.v":354)
WARN  (EX2629) : Delay control is not supported for synthesis("D:\document\GitHub\PE_module\OV5640\OV5640_LCD480_FIFO\src\i2c_master\i2c_master_bit_ctrl.v":359)
WARN  (EX2629) : Delay control is not supported for synthesis("D:\document\GitHub\PE_module\OV5640\OV5640_LCD480_FIFO\src\i2c_master\i2c_master_bit_ctrl.v":387)
WARN  (EX2629) : Delay control is not supported for synthesis("D:\document\GitHub\PE_module\OV5640\OV5640_LCD480_FIFO\src\i2c_master\i2c_master_bit_ctrl.v":388)
WARN  (EX2629) : Delay control is not supported for synthesis("D:\document\GitHub\PE_module\OV5640\OV5640_LCD480_FIFO\src\i2c_master\i2c_master_bit_ctrl.v":389)
WARN  (EX2629) : Delay control is not supported for synthesis("D:\document\GitHub\PE_module\OV5640\OV5640_LCD480_FIFO\src\i2c_master\i2c_master_bit_ctrl.v":390)
WARN  (EX2629) : Delay control is not supported for synthesis("D:\document\GitHub\PE_module\OV5640\OV5640_LCD480_FIFO\src\i2c_master\i2c_master_bit_ctrl.v":391)
WARN  (EX2629) : Delay control is not supported for synthesis("D:\document\GitHub\PE_module\OV5640\OV5640_LCD480_FIFO\src\i2c_master\i2c_master_bit_ctrl.v":395)
WARN  (EX2629) : Delay control is not supported for synthesis("D:\document\GitHub\PE_module\OV5640\OV5640_LCD480_FIFO\src\i2c_master\i2c_master_bit_ctrl.v":396)
WARN  (EX2629) : Delay control is not supported for synthesis("D:\document\GitHub\PE_module\OV5640\OV5640_LCD480_FIFO\src\i2c_master\i2c_master_bit_ctrl.v":397)
WARN  (EX2629) : Delay control is not supported for synthesis("D:\document\GitHub\PE_module\OV5640\OV5640_LCD480_FIFO\src\i2c_master\i2c_master_bit_ctrl.v":398)
WARN  (EX2629) : Delay control is not supported for synthesis("D:\document\GitHub\PE_module\OV5640\OV5640_LCD480_FIFO\src\i2c_master\i2c_master_bit_ctrl.v":399)
WARN  (EX2629) : Delay control is not supported for synthesis("D:\document\GitHub\PE_module\OV5640\OV5640_LCD480_FIFO\src\i2c_master\i2c_master_bit_ctrl.v":403)
WARN  (EX2629) : Delay control is not supported for synthesis("D:\document\GitHub\PE_module\OV5640\OV5640_LCD480_FIFO\src\i2c_master\i2c_master_bit_ctrl.v":411)
WARN  (EX2629) : Delay control is not supported for synthesis("D:\document\GitHub\PE_module\OV5640\OV5640_LCD480_FIFO\src\i2c_master\i2c_master_bit_ctrl.v":412)
WARN  (EX2629) : Delay control is not supported for synthesis("D:\document\GitHub\PE_module\OV5640\OV5640_LCD480_FIFO\src\i2c_master\i2c_master_bit_ctrl.v":413)
WARN  (EX2629) : Delay control is not supported for synthesis("D:\document\GitHub\PE_module\OV5640\OV5640_LCD480_FIFO\src\i2c_master\i2c_master_bit_ctrl.v":414)
WARN  (EX2629) : Delay control is not supported for synthesis("D:\document\GitHub\PE_module\OV5640\OV5640_LCD480_FIFO\src\i2c_master\i2c_master_bit_ctrl.v":415)
WARN  (EX2629) : Delay control is not supported for synthesis("D:\document\GitHub\PE_module\OV5640\OV5640_LCD480_FIFO\src\i2c_master\i2c_master_bit_ctrl.v":418)
WARN  (EX2629) : Delay control is not supported for synthesis("D:\document\GitHub\PE_module\OV5640\OV5640_LCD480_FIFO\src\i2c_master\i2c_master_bit_ctrl.v":419)
WARN  (EX2629) : Delay control is not supported for synthesis("D:\document\GitHub\PE_module\OV5640\OV5640_LCD480_FIFO\src\i2c_master\i2c_master_bit_ctrl.v":420)
WARN  (EX2629) : Delay control is not supported for synthesis("D:\document\GitHub\PE_module\OV5640\OV5640_LCD480_FIFO\src\i2c_master\i2c_master_bit_ctrl.v":426)
WARN  (EX2629) : Delay control is not supported for synthesis("D:\document\GitHub\PE_module\OV5640\OV5640_LCD480_FIFO\src\i2c_master\i2c_master_bit_ctrl.v":427)
WARN  (EX2629) : Delay control is not supported for synthesis("D:\document\GitHub\PE_module\OV5640\OV5640_LCD480_FIFO\src\i2c_master\i2c_master_bit_ctrl.v":428)
WARN  (EX2629) : Delay control is not supported for synthesis("D:\document\GitHub\PE_module\OV5640\OV5640_LCD480_FIFO\src\i2c_master\i2c_master_bit_ctrl.v":429)
WARN  (EX2629) : Delay control is not supported for synthesis("D:\document\GitHub\PE_module\OV5640\OV5640_LCD480_FIFO\src\i2c_master\i2c_master_bit_ctrl.v":434)
WARN  (EX2629) : Delay control is not supported for synthesis("D:\document\GitHub\PE_module\OV5640\OV5640_LCD480_FIFO\src\i2c_master\i2c_master_bit_ctrl.v":435)
WARN  (EX2629) : Delay control is not supported for synthesis("D:\document\GitHub\PE_module\OV5640\OV5640_LCD480_FIFO\src\i2c_master\i2c_master_bit_ctrl.v":436)
WARN  (EX2629) : Delay control is not supported for synthesis("D:\document\GitHub\PE_module\OV5640\OV5640_LCD480_FIFO\src\i2c_master\i2c_master_bit_ctrl.v":437)
WARN  (EX2629) : Delay control is not supported for synthesis("D:\document\GitHub\PE_module\OV5640\OV5640_LCD480_FIFO\src\i2c_master\i2c_master_bit_ctrl.v":442)
WARN  (EX2629) : Delay control is not supported for synthesis("D:\document\GitHub\PE_module\OV5640\OV5640_LCD480_FIFO\src\i2c_master\i2c_master_bit_ctrl.v":443)
WARN  (EX2629) : Delay control is not supported for synthesis("D:\document\GitHub\PE_module\OV5640\OV5640_LCD480_FIFO\src\i2c_master\i2c_master_bit_ctrl.v":444)
WARN  (EX2629) : Delay control is not supported for synthesis("D:\document\GitHub\PE_module\OV5640\OV5640_LCD480_FIFO\src\i2c_master\i2c_master_bit_ctrl.v":445)
WARN  (EX2629) : Delay control is not supported for synthesis("D:\document\GitHub\PE_module\OV5640\OV5640_LCD480_FIFO\src\i2c_master\i2c_master_bit_ctrl.v":450)
WARN  (EX2629) : Delay control is not supported for synthesis("D:\document\GitHub\PE_module\OV5640\OV5640_LCD480_FIFO\src\i2c_master\i2c_master_bit_ctrl.v":451)
WARN  (EX2629) : Delay control is not supported for synthesis("D:\document\GitHub\PE_module\OV5640\OV5640_LCD480_FIFO\src\i2c_master\i2c_master_bit_ctrl.v":452)
WARN  (EX2629) : Delay control is not supported for synthesis("D:\document\GitHub\PE_module\OV5640\OV5640_LCD480_FIFO\src\i2c_master\i2c_master_bit_ctrl.v":453)
WARN  (EX2629) : Delay control is not supported for synthesis("D:\document\GitHub\PE_module\OV5640\OV5640_LCD480_FIFO\src\i2c_master\i2c_master_bit_ctrl.v":458)
WARN  (EX2629) : Delay control is not supported for synthesis("D:\document\GitHub\PE_module\OV5640\OV5640_LCD480_FIFO\src\i2c_master\i2c_master_bit_ctrl.v":459)
WARN  (EX2629) : Delay control is not supported for synthesis("D:\document\GitHub\PE_module\OV5640\OV5640_LCD480_FIFO\src\i2c_master\i2c_master_bit_ctrl.v":460)
WARN  (EX2629) : Delay control is not supported for synthesis("D:\document\GitHub\PE_module\OV5640\OV5640_LCD480_FIFO\src\i2c_master\i2c_master_bit_ctrl.v":461)
WARN  (EX2629) : Delay control is not supported for synthesis("D:\document\GitHub\PE_module\OV5640\OV5640_LCD480_FIFO\src\i2c_master\i2c_master_bit_ctrl.v":462)
WARN  (EX2629) : Delay control is not supported for synthesis("D:\document\GitHub\PE_module\OV5640\OV5640_LCD480_FIFO\src\i2c_master\i2c_master_bit_ctrl.v":468)
WARN  (EX2629) : Delay control is not supported for synthesis("D:\document\GitHub\PE_module\OV5640\OV5640_LCD480_FIFO\src\i2c_master\i2c_master_bit_ctrl.v":469)
WARN  (EX2629) : Delay control is not supported for synthesis("D:\document\GitHub\PE_module\OV5640\OV5640_LCD480_FIFO\src\i2c_master\i2c_master_bit_ctrl.v":470)
WARN  (EX2629) : Delay control is not supported for synthesis("D:\document\GitHub\PE_module\OV5640\OV5640_LCD480_FIFO\src\i2c_master\i2c_master_bit_ctrl.v":471)
WARN  (EX2629) : Delay control is not supported for synthesis("D:\document\GitHub\PE_module\OV5640\OV5640_LCD480_FIFO\src\i2c_master\i2c_master_bit_ctrl.v":476)
WARN  (EX2629) : Delay control is not supported for synthesis("D:\document\GitHub\PE_module\OV5640\OV5640_LCD480_FIFO\src\i2c_master\i2c_master_bit_ctrl.v":477)
WARN  (EX2629) : Delay control is not supported for synthesis("D:\document\GitHub\PE_module\OV5640\OV5640_LCD480_FIFO\src\i2c_master\i2c_master_bit_ctrl.v":478)
WARN  (EX2629) : Delay control is not supported for synthesis("D:\document\GitHub\PE_module\OV5640\OV5640_LCD480_FIFO\src\i2c_master\i2c_master_bit_ctrl.v":479)
WARN  (EX2629) : Delay control is not supported for synthesis("D:\document\GitHub\PE_module\OV5640\OV5640_LCD480_FIFO\src\i2c_master\i2c_master_bit_ctrl.v":484)
WARN  (EX2629) : Delay control is not supported for synthesis("D:\document\GitHub\PE_module\OV5640\OV5640_LCD480_FIFO\src\i2c_master\i2c_master_bit_ctrl.v":485)
WARN  (EX2629) : Delay control is not supported for synthesis("D:\document\GitHub\PE_module\OV5640\OV5640_LCD480_FIFO\src\i2c_master\i2c_master_bit_ctrl.v":486)
WARN  (EX2629) : Delay control is not supported for synthesis("D:\document\GitHub\PE_module\OV5640\OV5640_LCD480_FIFO\src\i2c_master\i2c_master_bit_ctrl.v":487)
WARN  (EX2629) : Delay control is not supported for synthesis("D:\document\GitHub\PE_module\OV5640\OV5640_LCD480_FIFO\src\i2c_master\i2c_master_bit_ctrl.v":492)
WARN  (EX2629) : Delay control is not supported for synthesis("D:\document\GitHub\PE_module\OV5640\OV5640_LCD480_FIFO\src\i2c_master\i2c_master_bit_ctrl.v":493)
WARN  (EX2629) : Delay control is not supported for synthesis("D:\document\GitHub\PE_module\OV5640\OV5640_LCD480_FIFO\src\i2c_master\i2c_master_bit_ctrl.v":494)
WARN  (EX2629) : Delay control is not supported for synthesis("D:\document\GitHub\PE_module\OV5640\OV5640_LCD480_FIFO\src\i2c_master\i2c_master_bit_ctrl.v":495)
WARN  (EX2629) : Delay control is not supported for synthesis("D:\document\GitHub\PE_module\OV5640\OV5640_LCD480_FIFO\src\i2c_master\i2c_master_bit_ctrl.v":496)
WARN  (EX2629) : Delay control is not supported for synthesis("D:\document\GitHub\PE_module\OV5640\OV5640_LCD480_FIFO\src\i2c_master\i2c_master_bit_ctrl.v":502)
WARN  (EX2629) : Delay control is not supported for synthesis("D:\document\GitHub\PE_module\OV5640\OV5640_LCD480_FIFO\src\i2c_master\i2c_master_bit_ctrl.v":503)
WARN  (EX2629) : Delay control is not supported for synthesis("D:\document\GitHub\PE_module\OV5640\OV5640_LCD480_FIFO\src\i2c_master\i2c_master_bit_ctrl.v":504)
WARN  (EX2629) : Delay control is not supported for synthesis("D:\document\GitHub\PE_module\OV5640\OV5640_LCD480_FIFO\src\i2c_master\i2c_master_bit_ctrl.v":505)
WARN  (EX2629) : Delay control is not supported for synthesis("D:\document\GitHub\PE_module\OV5640\OV5640_LCD480_FIFO\src\i2c_master\i2c_master_bit_ctrl.v":510)
WARN  (EX2629) : Delay control is not supported for synthesis("D:\document\GitHub\PE_module\OV5640\OV5640_LCD480_FIFO\src\i2c_master\i2c_master_bit_ctrl.v":511)
WARN  (EX2629) : Delay control is not supported for synthesis("D:\document\GitHub\PE_module\OV5640\OV5640_LCD480_FIFO\src\i2c_master\i2c_master_bit_ctrl.v":512)
WARN  (EX2629) : Delay control is not supported for synthesis("D:\document\GitHub\PE_module\OV5640\OV5640_LCD480_FIFO\src\i2c_master\i2c_master_bit_ctrl.v":513)
WARN  (EX2629) : Delay control is not supported for synthesis("D:\document\GitHub\PE_module\OV5640\OV5640_LCD480_FIFO\src\i2c_master\i2c_master_bit_ctrl.v":518)
WARN  (EX2629) : Delay control is not supported for synthesis("D:\document\GitHub\PE_module\OV5640\OV5640_LCD480_FIFO\src\i2c_master\i2c_master_bit_ctrl.v":519)
WARN  (EX2629) : Delay control is not supported for synthesis("D:\document\GitHub\PE_module\OV5640\OV5640_LCD480_FIFO\src\i2c_master\i2c_master_bit_ctrl.v":520)
WARN  (EX2629) : Delay control is not supported for synthesis("D:\document\GitHub\PE_module\OV5640\OV5640_LCD480_FIFO\src\i2c_master\i2c_master_bit_ctrl.v":521)
WARN  (EX2629) : Delay control is not supported for synthesis("D:\document\GitHub\PE_module\OV5640\OV5640_LCD480_FIFO\src\i2c_master\i2c_master_bit_ctrl.v":526)
WARN  (EX2629) : Delay control is not supported for synthesis("D:\document\GitHub\PE_module\OV5640\OV5640_LCD480_FIFO\src\i2c_master\i2c_master_bit_ctrl.v":527)
WARN  (EX2629) : Delay control is not supported for synthesis("D:\document\GitHub\PE_module\OV5640\OV5640_LCD480_FIFO\src\i2c_master\i2c_master_bit_ctrl.v":528)
WARN  (EX2629) : Delay control is not supported for synthesis("D:\document\GitHub\PE_module\OV5640\OV5640_LCD480_FIFO\src\i2c_master\i2c_master_bit_ctrl.v":529)
WARN  (EX2629) : Delay control is not supported for synthesis("D:\document\GitHub\PE_module\OV5640\OV5640_LCD480_FIFO\src\i2c_master\i2c_master_bit_ctrl.v":530)
WARN  (EX2629) : Delay control is not supported for synthesis("D:\document\GitHub\PE_module\OV5640\OV5640_LCD480_FIFO\src\i2c_master\i2c_master_bit_ctrl.v":536)
WARN  (EX2629) : Delay control is not supported for synthesis("D:\document\GitHub\PE_module\OV5640\OV5640_LCD480_FIFO\src\i2c_master\i2c_master_bit_ctrl.v":537)
WARN  (EX2629) : Delay control is not supported for synthesis("D:\document\GitHub\PE_module\OV5640\OV5640_LCD480_FIFO\src\i2c_master\i2c_master_bit_ctrl.v":538)
WARN  (EX2629) : Delay control is not supported for synthesis("D:\document\GitHub\PE_module\OV5640\OV5640_LCD480_FIFO\src\i2c_master\i2c_master_bit_ctrl.v":539)
WARN  (EX2629) : Delay control is not supported for synthesis("D:\document\GitHub\PE_module\OV5640\OV5640_LCD480_FIFO\src\i2c_master\i2c_master_bit_ctrl.v":544)
WARN  (EX2629) : Delay control is not supported for synthesis("D:\document\GitHub\PE_module\OV5640\OV5640_LCD480_FIFO\src\i2c_master\i2c_master_bit_ctrl.v":545)
WARN  (EX2629) : Delay control is not supported for synthesis("D:\document\GitHub\PE_module\OV5640\OV5640_LCD480_FIFO\src\i2c_master\i2c_master_bit_ctrl.v":546)
WARN  (EX2629) : Delay control is not supported for synthesis("D:\document\GitHub\PE_module\OV5640\OV5640_LCD480_FIFO\src\i2c_master\i2c_master_bit_ctrl.v":547)
WARN  (EX2629) : Delay control is not supported for synthesis("D:\document\GitHub\PE_module\OV5640\OV5640_LCD480_FIFO\src\i2c_master\i2c_master_bit_ctrl.v":553)
WARN  (EX2629) : Delay control is not supported for synthesis("D:\document\GitHub\PE_module\OV5640\OV5640_LCD480_FIFO\src\i2c_master\i2c_master_bit_ctrl.v":554)
WARN  (EX2629) : Delay control is not supported for synthesis("D:\document\GitHub\PE_module\OV5640\OV5640_LCD480_FIFO\src\i2c_master\i2c_master_bit_ctrl.v":555)
WARN  (EX2629) : Delay control is not supported for synthesis("D:\document\GitHub\PE_module\OV5640\OV5640_LCD480_FIFO\src\i2c_master\i2c_master_bit_ctrl.v":556)
WARN  (EX2629) : Delay control is not supported for synthesis("D:\document\GitHub\PE_module\OV5640\OV5640_LCD480_FIFO\src\i2c_master\i2c_master_bit_ctrl.v":561)
WARN  (EX2629) : Delay control is not supported for synthesis("D:\document\GitHub\PE_module\OV5640\OV5640_LCD480_FIFO\src\i2c_master\i2c_master_bit_ctrl.v":562)
WARN  (EX2629) : Delay control is not supported for synthesis("D:\document\GitHub\PE_module\OV5640\OV5640_LCD480_FIFO\src\i2c_master\i2c_master_bit_ctrl.v":563)
WARN  (EX2629) : Delay control is not supported for synthesis("D:\document\GitHub\PE_module\OV5640\OV5640_LCD480_FIFO\src\i2c_master\i2c_master_bit_ctrl.v":564)
WARN  (EX2629) : Delay control is not supported for synthesis("D:\document\GitHub\PE_module\OV5640\OV5640_LCD480_FIFO\src\i2c_master\i2c_master_bit_ctrl.v":565)
WARN  (EX3827) : Synthesis - simulation differences may occur when using full_case directive("D:\document\GitHub\PE_module\OV5640\OV5640_LCD480_FIFO\src\i2c_master\i2c_master_bit_ctrl.v":406)
WARN  (EX2629) : Delay control is not supported for synthesis("D:\document\GitHub\PE_module\OV5640\OV5640_LCD480_FIFO\src\i2c_master\i2c_master_byte_ctrl.v":175)
WARN  (EX2629) : Delay control is not supported for synthesis("D:\document\GitHub\PE_module\OV5640\OV5640_LCD480_FIFO\src\i2c_master\i2c_master_byte_ctrl.v":177)
WARN  (EX2629) : Delay control is not supported for synthesis("D:\document\GitHub\PE_module\OV5640\OV5640_LCD480_FIFO\src\i2c_master\i2c_master_byte_ctrl.v":179)
WARN  (EX2629) : Delay control is not supported for synthesis("D:\document\GitHub\PE_module\OV5640\OV5640_LCD480_FIFO\src\i2c_master\i2c_master_byte_ctrl.v":181)
WARN  (EX2629) : Delay control is not supported for synthesis("D:\document\GitHub\PE_module\OV5640\OV5640_LCD480_FIFO\src\i2c_master\i2c_master_byte_ctrl.v":186)
WARN  (EX2629) : Delay control is not supported for synthesis("D:\document\GitHub\PE_module\OV5640\OV5640_LCD480_FIFO\src\i2c_master\i2c_master_byte_ctrl.v":188)
WARN  (EX2629) : Delay control is not supported for synthesis("D:\document\GitHub\PE_module\OV5640\OV5640_LCD480_FIFO\src\i2c_master\i2c_master_byte_ctrl.v":190)
WARN  (EX2629) : Delay control is not supported for synthesis("D:\document\GitHub\PE_module\OV5640\OV5640_LCD480_FIFO\src\i2c_master\i2c_master_byte_ctrl.v":192)
WARN  (EX2629) : Delay control is not supported for synthesis("D:\document\GitHub\PE_module\OV5640\OV5640_LCD480_FIFO\src\i2c_master\i2c_master_byte_ctrl.v":204)
WARN  (EX2629) : Delay control is not supported for synthesis("D:\document\GitHub\PE_module\OV5640\OV5640_LCD480_FIFO\src\i2c_master\i2c_master_byte_ctrl.v":205)
WARN  (EX2629) : Delay control is not supported for synthesis("D:\document\GitHub\PE_module\OV5640\OV5640_LCD480_FIFO\src\i2c_master\i2c_master_byte_ctrl.v":206)
WARN  (EX2629) : Delay control is not supported for synthesis("D:\document\GitHub\PE_module\OV5640\OV5640_LCD480_FIFO\src\i2c_master\i2c_master_byte_ctrl.v":207)
WARN  (EX2629) : Delay control is not supported for synthesis("D:\document\GitHub\PE_module\OV5640\OV5640_LCD480_FIFO\src\i2c_master\i2c_master_byte_ctrl.v":208)
WARN  (EX2629) : Delay control is not supported for synthesis("D:\document\GitHub\PE_module\OV5640\OV5640_LCD480_FIFO\src\i2c_master\i2c_master_byte_ctrl.v":209)
WARN  (EX2629) : Delay control is not supported for synthesis("D:\document\GitHub\PE_module\OV5640\OV5640_LCD480_FIFO\src\i2c_master\i2c_master_byte_ctrl.v":210)
WARN  (EX2629) : Delay control is not supported for synthesis("D:\document\GitHub\PE_module\OV5640\OV5640_LCD480_FIFO\src\i2c_master\i2c_master_byte_ctrl.v":214)
WARN  (EX2629) : Delay control is not supported for synthesis("D:\document\GitHub\PE_module\OV5640\OV5640_LCD480_FIFO\src\i2c_master\i2c_master_byte_ctrl.v":215)
WARN  (EX2629) : Delay control is not supported for synthesis("D:\document\GitHub\PE_module\OV5640\OV5640_LCD480_FIFO\src\i2c_master\i2c_master_byte_ctrl.v":216)
WARN  (EX2629) : Delay control is not supported for synthesis("D:\document\GitHub\PE_module\OV5640\OV5640_LCD480_FIFO\src\i2c_master\i2c_master_byte_ctrl.v":217)
WARN  (EX2629) : Delay control is not supported for synthesis("D:\document\GitHub\PE_module\OV5640\OV5640_LCD480_FIFO\src\i2c_master\i2c_master_byte_ctrl.v":218)
WARN  (EX2629) : Delay control is not supported for synthesis("D:\document\GitHub\PE_module\OV5640\OV5640_LCD480_FIFO\src\i2c_master\i2c_master_byte_ctrl.v":219)
WARN  (EX2629) : Delay control is not supported for synthesis("D:\document\GitHub\PE_module\OV5640\OV5640_LCD480_FIFO\src\i2c_master\i2c_master_byte_ctrl.v":220)
WARN  (EX2629) : Delay control is not supported for synthesis("D:\document\GitHub\PE_module\OV5640\OV5640_LCD480_FIFO\src\i2c_master\i2c_master_byte_ctrl.v":225)
WARN  (EX2629) : Delay control is not supported for synthesis("D:\document\GitHub\PE_module\OV5640\OV5640_LCD480_FIFO\src\i2c_master\i2c_master_byte_ctrl.v":226)
WARN  (EX2629) : Delay control is not supported for synthesis("D:\document\GitHub\PE_module\OV5640\OV5640_LCD480_FIFO\src\i2c_master\i2c_master_byte_ctrl.v":227)
WARN  (EX2629) : Delay control is not supported for synthesis("D:\document\GitHub\PE_module\OV5640\OV5640_LCD480_FIFO\src\i2c_master\i2c_master_byte_ctrl.v":228)
WARN  (EX2629) : Delay control is not supported for synthesis("D:\document\GitHub\PE_module\OV5640\OV5640_LCD480_FIFO\src\i2c_master\i2c_master_byte_ctrl.v":236)
WARN  (EX2629) : Delay control is not supported for synthesis("D:\document\GitHub\PE_module\OV5640\OV5640_LCD480_FIFO\src\i2c_master\i2c_master_byte_ctrl.v":237)
WARN  (EX2629) : Delay control is not supported for synthesis("D:\document\GitHub\PE_module\OV5640\OV5640_LCD480_FIFO\src\i2c_master\i2c_master_byte_ctrl.v":241)
WARN  (EX2629) : Delay control is not supported for synthesis("D:\document\GitHub\PE_module\OV5640\OV5640_LCD480_FIFO\src\i2c_master\i2c_master_byte_ctrl.v":242)
WARN  (EX2629) : Delay control is not supported for synthesis("D:\document\GitHub\PE_module\OV5640\OV5640_LCD480_FIFO\src\i2c_master\i2c_master_byte_ctrl.v":246)
WARN  (EX2629) : Delay control is not supported for synthesis("D:\document\GitHub\PE_module\OV5640\OV5640_LCD480_FIFO\src\i2c_master\i2c_master_byte_ctrl.v":247)
WARN  (EX2629) : Delay control is not supported for synthesis("D:\document\GitHub\PE_module\OV5640\OV5640_LCD480_FIFO\src\i2c_master\i2c_master_byte_ctrl.v":251)
WARN  (EX2629) : Delay control is not supported for synthesis("D:\document\GitHub\PE_module\OV5640\OV5640_LCD480_FIFO\src\i2c_master\i2c_master_byte_ctrl.v":252)
WARN  (EX2629) : Delay control is not supported for synthesis("D:\document\GitHub\PE_module\OV5640\OV5640_LCD480_FIFO\src\i2c_master\i2c_master_byte_ctrl.v":255)
WARN  (EX2629) : Delay control is not supported for synthesis("D:\document\GitHub\PE_module\OV5640\OV5640_LCD480_FIFO\src\i2c_master\i2c_master_byte_ctrl.v":263)
WARN  (EX2629) : Delay control is not supported for synthesis("D:\document\GitHub\PE_module\OV5640\OV5640_LCD480_FIFO\src\i2c_master\i2c_master_byte_ctrl.v":264)
WARN  (EX2629) : Delay control is not supported for synthesis("D:\document\GitHub\PE_module\OV5640\OV5640_LCD480_FIFO\src\i2c_master\i2c_master_byte_ctrl.v":268)
WARN  (EX2629) : Delay control is not supported for synthesis("D:\document\GitHub\PE_module\OV5640\OV5640_LCD480_FIFO\src\i2c_master\i2c_master_byte_ctrl.v":269)
WARN  (EX2629) : Delay control is not supported for synthesis("D:\document\GitHub\PE_module\OV5640\OV5640_LCD480_FIFO\src\i2c_master\i2c_master_byte_ctrl.v":272)
WARN  (EX2629) : Delay control is not supported for synthesis("D:\document\GitHub\PE_module\OV5640\OV5640_LCD480_FIFO\src\i2c_master\i2c_master_byte_ctrl.v":279)
WARN  (EX2629) : Delay control is not supported for synthesis("D:\document\GitHub\PE_module\OV5640\OV5640_LCD480_FIFO\src\i2c_master\i2c_master_byte_ctrl.v":280)
WARN  (EX2629) : Delay control is not supported for synthesis("D:\document\GitHub\PE_module\OV5640\OV5640_LCD480_FIFO\src\i2c_master\i2c_master_byte_ctrl.v":284)
WARN  (EX2629) : Delay control is not supported for synthesis("D:\document\GitHub\PE_module\OV5640\OV5640_LCD480_FIFO\src\i2c_master\i2c_master_byte_ctrl.v":285)
WARN  (EX2629) : Delay control is not supported for synthesis("D:\document\GitHub\PE_module\OV5640\OV5640_LCD480_FIFO\src\i2c_master\i2c_master_byte_ctrl.v":286)
WARN  (EX2629) : Delay control is not supported for synthesis("D:\document\GitHub\PE_module\OV5640\OV5640_LCD480_FIFO\src\i2c_master\i2c_master_byte_ctrl.v":294)
WARN  (EX2629) : Delay control is not supported for synthesis("D:\document\GitHub\PE_module\OV5640\OV5640_LCD480_FIFO\src\i2c_master\i2c_master_byte_ctrl.v":295)
WARN  (EX2629) : Delay control is not supported for synthesis("D:\document\GitHub\PE_module\OV5640\OV5640_LCD480_FIFO\src\i2c_master\i2c_master_byte_ctrl.v":299)
WARN  (EX2629) : Delay control is not supported for synthesis("D:\document\GitHub\PE_module\OV5640\OV5640_LCD480_FIFO\src\i2c_master\i2c_master_byte_ctrl.v":300)
WARN  (EX2629) : Delay control is not supported for synthesis("D:\document\GitHub\PE_module\OV5640\OV5640_LCD480_FIFO\src\i2c_master\i2c_master_byte_ctrl.v":303)
WARN  (EX2629) : Delay control is not supported for synthesis("D:\document\GitHub\PE_module\OV5640\OV5640_LCD480_FIFO\src\i2c_master\i2c_master_byte_ctrl.v":304)
WARN  (EX2629) : Delay control is not supported for synthesis("D:\document\GitHub\PE_module\OV5640\OV5640_LCD480_FIFO\src\i2c_master\i2c_master_byte_ctrl.v":312)
WARN  (EX2629) : Delay control is not supported for synthesis("D:\document\GitHub\PE_module\OV5640\OV5640_LCD480_FIFO\src\i2c_master\i2c_master_byte_ctrl.v":313)
WARN  (EX2629) : Delay control is not supported for synthesis("D:\document\GitHub\PE_module\OV5640\OV5640_LCD480_FIFO\src\i2c_master\i2c_master_byte_ctrl.v":317)
WARN  (EX2629) : Delay control is not supported for synthesis("D:\document\GitHub\PE_module\OV5640\OV5640_LCD480_FIFO\src\i2c_master\i2c_master_byte_ctrl.v":318)
WARN  (EX2629) : Delay control is not supported for synthesis("D:\document\GitHub\PE_module\OV5640\OV5640_LCD480_FIFO\src\i2c_master\i2c_master_byte_ctrl.v":321)
WARN  (EX2629) : Delay control is not supported for synthesis("D:\document\GitHub\PE_module\OV5640\OV5640_LCD480_FIFO\src\i2c_master\i2c_master_byte_ctrl.v":325)
WARN  (EX2629) : Delay control is not supported for synthesis("D:\document\GitHub\PE_module\OV5640\OV5640_LCD480_FIFO\src\i2c_master\i2c_master_byte_ctrl.v":327)
WARN  (EX2629) : Delay control is not supported for synthesis("D:\document\GitHub\PE_module\OV5640\OV5640_LCD480_FIFO\src\i2c_master\i2c_master_byte_ctrl.v":330)
WARN  (EX2629) : Delay control is not supported for synthesis("D:\document\GitHub\PE_module\OV5640\OV5640_LCD480_FIFO\src\i2c_master\i2c_master_byte_ctrl.v":335)
WARN  (EX2629) : Delay control is not supported for synthesis("D:\document\GitHub\PE_module\OV5640\OV5640_LCD480_FIFO\src\i2c_master\i2c_master_byte_ctrl.v":336)
WARN  (EX2629) : Delay control is not supported for synthesis("D:\document\GitHub\PE_module\OV5640\OV5640_LCD480_FIFO\src\i2c_master\i2c_master_byte_ctrl.v":339)
WARN  (EX3827) : Synthesis - simulation differences may occur when using full_case directive("D:\document\GitHub\PE_module\OV5640\OV5640_LCD480_FIFO\src\i2c_master\i2c_master_byte_ctrl.v":230)
WARN  (EX1998) : Net 'i2c_read_req' does not have a driver("D:\document\GitHub\PE_module\OV5640\OV5640_LCD480_FIFO\src\i2c_master\i2c_config.v":28)
Compiling module 'lut_ov5640_rgb565_480_272'("D:\document\GitHub\PE_module\OV5640\OV5640_LCD480_FIFO\src\lut_ov5640_rgb565_480_272.v":1)
Compiling module 'top'("D:\document\GitHub\PE_module\OV5640\OV5640_LCD480_FIFO\src\top.v":1)
WARN  (EX3791) : Expression size 5 truncated to fit in target size 1("D:\document\GitHub\PE_module\OV5640\OV5640_LCD480_FIFO\src\top.v":34)
WARN  (EX3791) : Expression size 6 truncated to fit in target size 1("D:\document\GitHub\PE_module\OV5640\OV5640_LCD480_FIFO\src\top.v":35)
WARN  (EX3791) : Expression size 5 truncated to fit in target size 1("D:\document\GitHub\PE_module\OV5640\OV5640_LCD480_FIFO\src\top.v":36)
Compiling module 'Gowin_PLL'("D:\document\GitHub\PE_module\OV5640\OV5640_LCD480_FIFO\src\gowin_pll\gowin_pll.v":10)
Compiling module 'Gowin_PLL_200M'("D:\document\GitHub\PE_module\OV5640\OV5640_LCD480_FIFO\src\gowin_pll_200M\gowin_pll_200M.v":10)
Compiling module 'Gowin_PLL400M'("D:\document\GitHub\PE_module\OV5640\OV5640_LCD480_FIFO\src\gowin_pll400M\gowin_pll400M.v":10)
WARN  (EX1998) : Net 'video_clk' does not have a driver("D:\document\GitHub\PE_module\OV5640\OV5640_LCD480_FIFO\src\top.v":20)
WARN  (EX1998) : Net 'hs' does not have a driver("D:\document\GitHub\PE_module\OV5640\OV5640_LCD480_FIFO\src\top.v":21)
WARN  (EX1998) : Net 'vs' does not have a driver("D:\document\GitHub\PE_module\OV5640\OV5640_LCD480_FIFO\src\top.v":22)
WARN  (EX1998) : Net 'de' does not have a driver("D:\document\GitHub\PE_module\OV5640\OV5640_LCD480_FIFO\src\top.v":23)
WARN  (EX1998) : Net 'vout_data[11]' does not have a driver("D:\document\GitHub\PE_module\OV5640\OV5640_LCD480_FIFO\src\top.v":24)
WARN  (EX1998) : Net 'cmos_16bit_data[15]' does not have a driver("D:\document\GitHub\PE_module\OV5640\OV5640_LCD480_FIFO\src\top.v":25)
Compiling module '**'("C:\Gowin\Gowin_V1.9.9Beta-5\IDE\data\ipcores\GAO\GW_AO_0\gw_ao_crc32.v":0)
Compiling module '**'("C:\Gowin\Gowin_V1.9.9Beta-5\IDE\data\ipcores\GAO\GW_AO_0\gw_ao_match.v":0)
Compiling module '**'("C:\Gowin\Gowin_V1.9.9Beta-5\IDE\data\ipcores\GAO\GW_AO_0\gw_ao_mem_ctrl.v":0)
Extracting RAM for identifier '**'("C:\Gowin\Gowin_V1.9.9Beta-5\IDE\data\ipcores\GAO\GW_AO_0\gw_ao_mem_ctrl.v":0)
Compiling module '**'("C:\Gowin\Gowin_V1.9.9Beta-5\IDE\data\ipcores\GAO\GW_AO_0\gw_ao_top.v":0)
Compiling module '**'("C:\Gowin\Gowin_V1.9.9Beta-5\IDE\data\ipcores\GAO\GW_AO_0\gw_ao_mem_ctrl.v":0)
Extracting RAM for identifier '**'("C:\Gowin\Gowin_V1.9.9Beta-5\IDE\data\ipcores\GAO\GW_AO_0\gw_ao_mem_ctrl.v":0)
Compiling module '**'("C:\Gowin\Gowin_V1.9.9Beta-5\IDE\data\ipcores\GAO\GW_AO_0\gw_ao_match.v":0)
Compiling module '**'("C:\Gowin\Gowin_V1.9.9Beta-5\IDE\data\ipcores\GAO\GW_CON\gw_con_top_138.v":0)
Compiling module 'GW_JTAG'("C:\Gowin\Gowin_V1.9.9Beta-5\IDE\data\ipcores\gw_jtag.v":1)
Compiling module 'gw_gao'("D:\document\GitHub\PE_module\OV5640\OV5640_LCD480_FIFO\impl\gwsynthesis\RTL_GAO\gw_gao_top.v":1)
Trying to combine GAO to RTL design
NOTE  (EX0101) : Current top module is "top"
[5%] Running netlist conversion ...
WARN  (CV0016) : Input cmos_db is unused("D:\document\GitHub\PE_module\OV5640\OV5640_LCD480_FIFO\src\top.v":10)
Running device independent optimization ...
[10%] Optimizing Phase 0 completed
[15%] Optimizing Phase 1 completed
[25%] Optimizing Phase 2 completed
Running inference ...
[30%] Inferring Phase 0 completed
[40%] Inferring Phase 1 completed
[50%] Inferring Phase 2 completed
[55%] Inferring Phase 3 completed
Running technical mapping ...
[60%] Tech-Mapping Phase 0 completed
[65%] Tech-Mapping Phase 1 completed
[75%] Tech-Mapping Phase 2 completed
[80%] Tech-Mapping Phase 3 completed
[90%] Tech-Mapping Phase 4 completed
WARN  (NL0002) : The module "cmos_pll" instantiated to "cmos_pll_m0" is swept in optimizing("D:\document\GitHub\PE_module\OV5640\OV5640_LCD480_FIFO\src\top.v":73)
WARN  (NL0002) : The module "lut_ov5640_rgb565_480_272" instantiated to "lut_ov5640_rgb565_480_272_m0" is swept in optimizing("D:\document\GitHub\PE_module\OV5640\OV5640_LCD480_FIFO\src\top.v":97)
[95%] Generate netlist file "D:\document\GitHub\PE_module\OV5640\OV5640_LCD480_FIFO\impl\gwsynthesis\top.vg" completed
[100%] Generate report file "D:\document\GitHub\PE_module\OV5640\OV5640_LCD480_FIFO\impl\gwsynthesis\top_syn.rpt.html" completed
GowinSynthesis finish
