Reading netlist file: "D:\document\GitHub\PE_module\Cam2lcd\OV5640_LCD480_FIFO\impl\gwsynthesis\top.vg"
Parsing netlist file "D:\document\GitHub\PE_module\Cam2lcd\OV5640_LCD480_FIFO\impl\gwsynthesis\top.vg" completed
Processing netlist completed
Reading constraint file: "D:\document\GitHub\PE_module\Cam2lcd\OV5640_LCD480_FIFO\src\top.cst"
Physical Constraint parsed completed
Running placement......
[10%] Placement Phase 0 completed
[20%] Placement Phase 1 completed
[30%] Placement Phase 2 completed
[50%] Placement Phase 3 completed
Running routing......
[60%] Routing Phase 0 completed
[70%] Routing Phase 1 completed
[80%] Routing Phase 2 completed
WARN  (PR1014) : Generic routing resource will be used to clock signal 'clk_d' by the specified constraint. And then it may lead to the excessive delay or skew
WARN  (PR1014) : Generic routing resource will be used to clock signal 'cmos_vsync_d' by the specified constraint. And then it may lead to the excessive delay or skew
[90%] Routing Phase 3 completed
Running timing analysis......
[95%] Timing analysis completed
Placement and routing completed
Bitstream generation in progress......
Bitstream generation completed
Generate file "D:\document\GitHub\PE_module\Cam2lcd\OV5640_LCD480_FIFO\impl\pnr\top.pin.html" completed
Generate file "D:\document\GitHub\PE_module\Cam2lcd\OV5640_LCD480_FIFO\impl\pnr\top.rpt.html" completed
Generate file "D:\document\GitHub\PE_module\Cam2lcd\OV5640_LCD480_FIFO\impl\pnr\top.rpt.txt" completed
Generate file "D:\document\GitHub\PE_module\Cam2lcd\OV5640_LCD480_FIFO\impl\pnr\top.tr.html" completed
Mon Oct 09 01:01:23 2023

