GowinSynthesis start
Running parser ...
Analyzing Verilog file 'D:\document\GitHub\PE_module\asl_soc\source\rtl\nice\pre_data\clockDivider24.v'
Analyzing Verilog file 'D:\document\GitHub\PE_module\asl_soc\source\rtl\nice\pre_data\input_pre_data_module.v'
Analyzing Verilog file 'D:\document\GitHub\PE_module\asl_soc\source\rtl\nice\pre_data\input_pre_sram.v'
Analyzing Verilog file 'D:\document\GitHub\PE_module\asl_soc\source\rtl\nice\pre_data\IRCAM.v'
Analyzing Verilog file 'D:\document\GitHub\PE_module\asl_soc\source\rtl\nice\pre_data\PingPongBuffer.v'
WARN  (EX3801) : Parameter 'STATE_A' becomes localparam in 'PingPongBuffer' with formal parameter declaration list("D:\document\GitHub\PE_module\asl_soc\source\rtl\nice\pre_data\PingPongBuffer.v":24)
WARN  (EX3801) : Parameter 'STATE_B' becomes localparam in 'PingPongBuffer' with formal parameter declaration list("D:\document\GitHub\PE_module\asl_soc\source\rtl\nice\pre_data\PingPongBuffer.v":25)
Analyzing Verilog file 'D:\document\GitHub\PE_module\asl_soc\source\rtl\nice\pre_data\top_input_pre_data_module.v'
WARN  (EX3628) : Redeclaration of ANSI port 'i_data_din_vld' is not allowed("D:\document\GitHub\PE_module\asl_soc\source\rtl\nice\pre_data\top_input_pre_data_module.v":12)
Analyzing Verilog file 'D:\document\GitHub\PE_module\asl_soc\source\rtl\nice\pre_data\UART_RX.v'
Analyzing Verilog file 'D:\document\GitHub\PE_module\asl_soc\testbench\tb_top_input.v'
WARN  (EX3628) : Redeclaration of ANSI port 'i_data_din_vld' is not allowed("D:\document\GitHub\PE_module\asl_soc\testbench\tb_top_input.v":10)
Analyzing Verilog file 'D:\document\GitHub\PE_module\asl_soc\testbench\clkdiv.v'
Compiling module 'tb_top_input'("D:\document\GitHub\PE_module\asl_soc\testbench\tb_top_input.v":1)
Compiling module 'clockDivider_50M'("D:\document\GitHub\PE_module\asl_soc\testbench\clkdiv.v":2)
Compiling module 'top_input'("D:\document\GitHub\PE_module\asl_soc\source\rtl\nice\pre_data\top_input_pre_data_module.v":2)
Compiling module 'IRCAM'("D:\document\GitHub\PE_module\asl_soc\source\rtl\nice\pre_data\IRCAM.v":2)
Compiling module 'UART_RX'("D:\document\GitHub\PE_module\asl_soc\source\rtl\nice\pre_data\UART_RX.v":2)
WARN  (EX3791) : Expression size 32 truncated to fit in target size 8("D:\document\GitHub\PE_module\asl_soc\source\rtl\nice\pre_data\IRCAM.v":66)
WARN  (EX3791) : Expression size 17 truncated to fit in target size 16("D:\document\GitHub\PE_module\asl_soc\source\rtl\nice\pre_data\IRCAM.v":69)
NOTE  (EX0101) : Current top module is "tb_top_input"
WARN  (EX0211) : The output port "parallel_data[207]" of module "top_input" has no driver, assigning undriven bits to Z, simulation mismatch possible("D:\document\GitHub\PE_module\asl_soc\source\rtl\nice\pre_data\top_input_pre_data_module.v":8)
WARN  (EX0211) : The output port "parallel_data[206]" of module "top_input" has no driver, assigning undriven bits to Z, simulation mismatch possible("D:\document\GitHub\PE_module\asl_soc\source\rtl\nice\pre_data\top_input_pre_data_module.v":8)
WARN  (EX0211) : The output port "parallel_data[205]" of module "top_input" has no driver, assigning undriven bits to Z, simulation mismatch possible("D:\document\GitHub\PE_module\asl_soc\source\rtl\nice\pre_data\top_input_pre_data_module.v":8)
WARN  (EX0211) : The output port "parallel_data[204]" of module "top_input" has no driver, assigning undriven bits to Z, simulation mismatch possible("D:\document\GitHub\PE_module\asl_soc\source\rtl\nice\pre_data\top_input_pre_data_module.v":8)
WARN  (EX0211) : The output port "parallel_data[203]" of module "top_input" has no driver, assigning undriven bits to Z, simulation mismatch possible("D:\document\GitHub\PE_module\asl_soc\source\rtl\nice\pre_data\top_input_pre_data_module.v":8)
WARN  (EX0211) : The output port "parallel_data[202]" of module "top_input" has no driver, assigning undriven bits to Z, simulation mismatch possible("D:\document\GitHub\PE_module\asl_soc\source\rtl\nice\pre_data\top_input_pre_data_module.v":8)
WARN  (EX0211) : The output port "parallel_data[201]" of module "top_input" has no driver, assigning undriven bits to Z, simulation mismatch possible("D:\document\GitHub\PE_module\asl_soc\source\rtl\nice\pre_data\top_input_pre_data_module.v":8)
WARN  (EX0211) : The output port "parallel_data[200]" of module "top_input" has no driver, assigning undriven bits to Z, simulation mismatch possible("D:\document\GitHub\PE_module\asl_soc\source\rtl\nice\pre_data\top_input_pre_data_module.v":8)
WARN  (EX0211) : The output port "parallel_data[199]" of module "top_input" has no driver, assigning undriven bits to Z, simulation mismatch possible("D:\document\GitHub\PE_module\asl_soc\source\rtl\nice\pre_data\top_input_pre_data_module.v":8)
WARN  (EX0211) : The output port "parallel_data[198]" of module "top_input" has no driver, assigning undriven bits to Z, simulation mismatch possible("D:\document\GitHub\PE_module\asl_soc\source\rtl\nice\pre_data\top_input_pre_data_module.v":8)
WARN  (EX0211) : The output port "parallel_data[197]" of module "top_input" has no driver, assigning undriven bits to Z, simulation mismatch possible("D:\document\GitHub\PE_module\asl_soc\source\rtl\nice\pre_data\top_input_pre_data_module.v":8)
WARN  (EX0211) : The output port "parallel_data[196]" of module "top_input" has no driver, assigning undriven bits to Z, simulation mismatch possible("D:\document\GitHub\PE_module\asl_soc\source\rtl\nice\pre_data\top_input_pre_data_module.v":8)
WARN  (EX0211) : The output port "parallel_data[195]" of module "top_input" has no driver, assigning undriven bits to Z, simulation mismatch possible("D:\document\GitHub\PE_module\asl_soc\source\rtl\nice\pre_data\top_input_pre_data_module.v":8)
WARN  (EX0211) : The output port "parallel_data[194]" of module "top_input" has no driver, assigning undriven bits to Z, simulation mismatch possible("D:\document\GitHub\PE_module\asl_soc\source\rtl\nice\pre_data\top_input_pre_data_module.v":8)
WARN  (EX0211) : The output port "parallel_data[193]" of module "top_input" has no driver, assigning undriven bits to Z, simulation mismatch possible("D:\document\GitHub\PE_module\asl_soc\source\rtl\nice\pre_data\top_input_pre_data_module.v":8)
WARN  (EX0211) : The output port "parallel_data[192]" of module "top_input" has no driver, assigning undriven bits to Z, simulation mismatch possible("D:\document\GitHub\PE_module\asl_soc\source\rtl\nice\pre_data\top_input_pre_data_module.v":8)
WARN  (EX0211) : The output port "parallel_data[191]" of module "top_input" has no driver, assigning undriven bits to Z, simulation mismatch possible("D:\document\GitHub\PE_module\asl_soc\source\rtl\nice\pre_data\top_input_pre_data_module.v":8)
WARN  (EX0211) : The output port "parallel_data[190]" of module "top_input" has no driver, assigning undriven bits to Z, simulation mismatch possible("D:\document\GitHub\PE_module\asl_soc\source\rtl\nice\pre_data\top_input_pre_data_module.v":8)
WARN  (EX0211) : The output port "parallel_data[189]" of module "top_input" has no driver, assigning undriven bits to Z, simulation mismatch possible("D:\document\GitHub\PE_module\asl_soc\source\rtl\nice\pre_data\top_input_pre_data_module.v":8)
WARN  (EX0211) : The output port "parallel_data[188]" of module "top_input" has no driver, assigning undriven bits to Z, simulation mismatch possible("D:\document\GitHub\PE_module\asl_soc\source\rtl\nice\pre_data\top_input_pre_data_module.v":8)
WARN  (EX0211) : The output port "parallel_data[187]" of module "top_input" has no driver, assigning undriven bits to Z, simulation mismatch possible("D:\document\GitHub\PE_module\asl_soc\source\rtl\nice\pre_data\top_input_pre_data_module.v":8)
WARN  (EX0211) : The output port "parallel_data[186]" of module "top_input" has no driver, assigning undriven bits to Z, simulation mismatch possible("D:\document\GitHub\PE_module\asl_soc\source\rtl\nice\pre_data\top_input_pre_data_module.v":8)
WARN  (EX0211) : The output port "parallel_data[185]" of module "top_input" has no driver, assigning undriven bits to Z, simulation mismatch possible("D:\document\GitHub\PE_module\asl_soc\source\rtl\nice\pre_data\top_input_pre_data_module.v":8)
WARN  (EX0211) : The output port "parallel_data[184]" of module "top_input" has no driver, assigning undriven bits to Z, simulation mismatch possible("D:\document\GitHub\PE_module\asl_soc\source\rtl\nice\pre_data\top_input_pre_data_module.v":8)
WARN  (EX0211) : The output port "parallel_data[183]" of module "top_input" has no driver, assigning undriven bits to Z, simulation mismatch possible("D:\document\GitHub\PE_module\asl_soc\source\rtl\nice\pre_data\top_input_pre_data_module.v":8)
WARN  (EX0211) : The output port "parallel_data[182]" of module "top_input" has no driver, assigning undriven bits to Z, simulation mismatch possible("D:\document\GitHub\PE_module\asl_soc\source\rtl\nice\pre_data\top_input_pre_data_module.v":8)
WARN  (EX0211) : The output port "parallel_data[181]" of module "top_input" has no driver, assigning undriven bits to Z, simulation mismatch possible("D:\document\GitHub\PE_module\asl_soc\source\rtl\nice\pre_data\top_input_pre_data_module.v":8)
WARN  (EX0211) : The output port "parallel_data[180]" of module "top_input" has no driver, assigning undriven bits to Z, simulation mismatch possible("D:\document\GitHub\PE_module\asl_soc\source\rtl\nice\pre_data\top_input_pre_data_module.v":8)
WARN  (EX0211) : The output port "parallel_data[179]" of module "top_input" has no driver, assigning undriven bits to Z, simulation mismatch possible("D:\document\GitHub\PE_module\asl_soc\source\rtl\nice\pre_data\top_input_pre_data_module.v":8)
WARN  (EX0211) : The output port "parallel_data[178]" of module "top_input" has no driver, assigning undriven bits to Z, simulation mismatch possible("D:\document\GitHub\PE_module\asl_soc\source\rtl\nice\pre_data\top_input_pre_data_module.v":8)
WARN  (EX0211) : The output port "parallel_data[177]" of module "top_input" has no driver, assigning undriven bits to Z, simulation mismatch possible("D:\document\GitHub\PE_module\asl_soc\source\rtl\nice\pre_data\top_input_pre_data_module.v":8)
WARN  (EX0211) : The output port "parallel_data[176]" of module "top_input" has no driver, assigning undriven bits to Z, simulation mismatch possible("D:\document\GitHub\PE_module\asl_soc\source\rtl\nice\pre_data\top_input_pre_data_module.v":8)
WARN  (EX0211) : The output port "parallel_data[175]" of module "top_input" has no driver, assigning undriven bits to Z, simulation mismatch possible("D:\document\GitHub\PE_module\asl_soc\source\rtl\nice\pre_data\top_input_pre_data_module.v":8)
WARN  (EX0211) : The output port "parallel_data[174]" of module "top_input" has no driver, assigning undriven bits to Z, simulation mismatch possible("D:\document\GitHub\PE_module\asl_soc\source\rtl\nice\pre_data\top_input_pre_data_module.v":8)
WARN  (EX0211) : The output port "parallel_data[173]" of module "top_input" has no driver, assigning undriven bits to Z, simulation mismatch possible("D:\document\GitHub\PE_module\asl_soc\source\rtl\nice\pre_data\top_input_pre_data_module.v":8)
WARN  (EX0211) : The output port "parallel_data[172]" of module "top_input" has no driver, assigning undriven bits to Z, simulation mismatch possible("D:\document\GitHub\PE_module\asl_soc\source\rtl\nice\pre_data\top_input_pre_data_module.v":8)
WARN  (EX0211) : The output port "parallel_data[171]" of module "top_input" has no driver, assigning undriven bits to Z, simulation mismatch possible("D:\document\GitHub\PE_module\asl_soc\source\rtl\nice\pre_data\top_input_pre_data_module.v":8)
WARN  (EX0211) : The output port "parallel_data[170]" of module "top_input" has no driver, assigning undriven bits to Z, simulation mismatch possible("D:\document\GitHub\PE_module\asl_soc\source\rtl\nice\pre_data\top_input_pre_data_module.v":8)
WARN  (EX0211) : The output port "parallel_data[169]" of module "top_input" has no driver, assigning undriven bits to Z, simulation mismatch possible("D:\document\GitHub\PE_module\asl_soc\source\rtl\nice\pre_data\top_input_pre_data_module.v":8)
WARN  (EX0211) : The output port "parallel_data[168]" of module "top_input" has no driver, assigning undriven bits to Z, simulation mismatch possible("D:\document\GitHub\PE_module\asl_soc\source\rtl\nice\pre_data\top_input_pre_data_module.v":8)
WARN  (EX0211) : The output port "parallel_data[167]" of module "top_input" has no driver, assigning undriven bits to Z, simulation mismatch possible("D:\document\GitHub\PE_module\asl_soc\source\rtl\nice\pre_data\top_input_pre_data_module.v":8)
WARN  (EX0211) : The output port "parallel_data[166]" of module "top_input" has no driver, assigning undriven bits to Z, simulation mismatch possible("D:\document\GitHub\PE_module\asl_soc\source\rtl\nice\pre_data\top_input_pre_data_module.v":8)
WARN  (EX0211) : The output port "parallel_data[165]" of module "top_input" has no driver, assigning undriven bits to Z, simulation mismatch possible("D:\document\GitHub\PE_module\asl_soc\source\rtl\nice\pre_data\top_input_pre_data_module.v":8)
WARN  (EX0211) : The output port "parallel_data[164]" of module "top_input" has no driver, assigning undriven bits to Z, simulation mismatch possible("D:\document\GitHub\PE_module\asl_soc\source\rtl\nice\pre_data\top_input_pre_data_module.v":8)
WARN  (EX0211) : The output port "parallel_data[163]" of module "top_input" has no driver, assigning undriven bits to Z, simulation mismatch possible("D:\document\GitHub\PE_module\asl_soc\source\rtl\nice\pre_data\top_input_pre_data_module.v":8)
WARN  (EX0211) : The output port "parallel_data[162]" of module "top_input" has no driver, assigning undriven bits to Z, simulation mismatch possible("D:\document\GitHub\PE_module\asl_soc\source\rtl\nice\pre_data\top_input_pre_data_module.v":8)
WARN  (EX0211) : The output port "parallel_data[161]" of module "top_input" has no driver, assigning undriven bits to Z, simulation mismatch possible("D:\document\GitHub\PE_module\asl_soc\source\rtl\nice\pre_data\top_input_pre_data_module.v":8)
WARN  (EX0211) : The output port "parallel_data[160]" of module "top_input" has no driver, assigning undriven bits to Z, simulation mismatch possible("D:\document\GitHub\PE_module\asl_soc\source\rtl\nice\pre_data\top_input_pre_data_module.v":8)
WARN  (EX0211) : The output port "parallel_data[159]" of module "top_input" has no driver, assigning undriven bits to Z, simulation mismatch possible("D:\document\GitHub\PE_module\asl_soc\source\rtl\nice\pre_data\top_input_pre_data_module.v":8)
WARN  (EX0211) : The output port "parallel_data[158]" of module "top_input" has no driver, assigning undriven bits to Z, simulation mismatch possible("D:\document\GitHub\PE_module\asl_soc\source\rtl\nice\pre_data\top_input_pre_data_module.v":8)
WARN  (EX0211) : The output port "parallel_data[157]" of module "top_input" has no driver, assigning undriven bits to Z, simulation mismatch possible("D:\document\GitHub\PE_module\asl_soc\source\rtl\nice\pre_data\top_input_pre_data_module.v":8)
WARN  (EX0211) : The output port "parallel_data[156]" of module "top_input" has no driver, assigning undriven bits to Z, simulation mismatch possible("D:\document\GitHub\PE_module\asl_soc\source\rtl\nice\pre_data\top_input_pre_data_module.v":8)
WARN  (EX0211) : The output port "parallel_data[155]" of module "top_input" has no driver, assigning undriven bits to Z, simulation mismatch possible("D:\document\GitHub\PE_module\asl_soc\source\rtl\nice\pre_data\top_input_pre_data_module.v":8)
WARN  (EX0211) : The output port "parallel_data[154]" of module "top_input" has no driver, assigning undriven bits to Z, simulation mismatch possible("D:\document\GitHub\PE_module\asl_soc\source\rtl\nice\pre_data\top_input_pre_data_module.v":8)
WARN  (EX0211) : The output port "parallel_data[153]" of module "top_input" has no driver, assigning undriven bits to Z, simulation mismatch possible("D:\document\GitHub\PE_module\asl_soc\source\rtl\nice\pre_data\top_input_pre_data_module.v":8)
WARN  (EX0211) : The output port "parallel_data[152]" of module "top_input" has no driver, assigning undriven bits to Z, simulation mismatch possible("D:\document\GitHub\PE_module\asl_soc\source\rtl\nice\pre_data\top_input_pre_data_module.v":8)
WARN  (EX0211) : The output port "parallel_data[151]" of module "top_input" has no driver, assigning undriven bits to Z, simulation mismatch possible("D:\document\GitHub\PE_module\asl_soc\source\rtl\nice\pre_data\top_input_pre_data_module.v":8)
WARN  (EX0211) : The output port "parallel_data[150]" of module "top_input" has no driver, assigning undriven bits to Z, simulation mismatch possible("D:\document\GitHub\PE_module\asl_soc\source\rtl\nice\pre_data\top_input_pre_data_module.v":8)
WARN  (EX0211) : The output port "parallel_data[149]" of module "top_input" has no driver, assigning undriven bits to Z, simulation mismatch possible("D:\document\GitHub\PE_module\asl_soc\source\rtl\nice\pre_data\top_input_pre_data_module.v":8)
WARN  (EX0211) : The output port "parallel_data[148]" of module "top_input" has no driver, assigning undriven bits to Z, simulation mismatch possible("D:\document\GitHub\PE_module\asl_soc\source\rtl\nice\pre_data\top_input_pre_data_module.v":8)
WARN  (EX0211) : The output port "parallel_data[147]" of module "top_input" has no driver, assigning undriven bits to Z, simulation mismatch possible("D:\document\GitHub\PE_module\asl_soc\source\rtl\nice\pre_data\top_input_pre_data_module.v":8)
WARN  (EX0211) : The output port "parallel_data[146]" of module "top_input" has no driver, assigning undriven bits to Z, simulation mismatch possible("D:\document\GitHub\PE_module\asl_soc\source\rtl\nice\pre_data\top_input_pre_data_module.v":8)
WARN  (EX0211) : The output port "parallel_data[145]" of module "top_input" has no driver, assigning undriven bits to Z, simulation mismatch possible("D:\document\GitHub\PE_module\asl_soc\source\rtl\nice\pre_data\top_input_pre_data_module.v":8)
WARN  (EX0211) : The output port "parallel_data[144]" of module "top_input" has no driver, assigning undriven bits to Z, simulation mismatch possible("D:\document\GitHub\PE_module\asl_soc\source\rtl\nice\pre_data\top_input_pre_data_module.v":8)
WARN  (EX0211) : The output port "parallel_data[143]" of module "top_input" has no driver, assigning undriven bits to Z, simulation mismatch possible("D:\document\GitHub\PE_module\asl_soc\source\rtl\nice\pre_data\top_input_pre_data_module.v":8)
WARN  (EX0211) : The output port "parallel_data[142]" of module "top_input" has no driver, assigning undriven bits to Z, simulation mismatch possible("D:\document\GitHub\PE_module\asl_soc\source\rtl\nice\pre_data\top_input_pre_data_module.v":8)
WARN  (EX0211) : The output port "parallel_data[141]" of module "top_input" has no driver, assigning undriven bits to Z, simulation mismatch possible("D:\document\GitHub\PE_module\asl_soc\source\rtl\nice\pre_data\top_input_pre_data_module.v":8)
WARN  (EX0211) : The output port "parallel_data[140]" of module "top_input" has no driver, assigning undriven bits to Z, simulation mismatch possible("D:\document\GitHub\PE_module\asl_soc\source\rtl\nice\pre_data\top_input_pre_data_module.v":8)
WARN  (EX0211) : The output port "parallel_data[139]" of module "top_input" has no driver, assigning undriven bits to Z, simulation mismatch possible("D:\document\GitHub\PE_module\asl_soc\source\rtl\nice\pre_data\top_input_pre_data_module.v":8)
WARN  (EX0211) : The output port "parallel_data[138]" of module "top_input" has no driver, assigning undriven bits to Z, simulation mismatch possible("D:\document\GitHub\PE_module\asl_soc\source\rtl\nice\pre_data\top_input_pre_data_module.v":8)
WARN  (EX0211) : The output port "parallel_data[137]" of module "top_input" has no driver, assigning undriven bits to Z, simulation mismatch possible("D:\document\GitHub\PE_module\asl_soc\source\rtl\nice\pre_data\top_input_pre_data_module.v":8)
WARN  (EX0211) : The output port "parallel_data[136]" of module "top_input" has no driver, assigning undriven bits to Z, simulation mismatch possible("D:\document\GitHub\PE_module\asl_soc\source\rtl\nice\pre_data\top_input_pre_data_module.v":8)
WARN  (EX0211) : The output port "parallel_data[135]" of module "top_input" has no driver, assigning undriven bits to Z, simulation mismatch possible("D:\document\GitHub\PE_module\asl_soc\source\rtl\nice\pre_data\top_input_pre_data_module.v":8)
WARN  (EX0211) : The output port "parallel_data[134]" of module "top_input" has no driver, assigning undriven bits to Z, simulation mismatch possible("D:\document\GitHub\PE_module\asl_soc\source\rtl\nice\pre_data\top_input_pre_data_module.v":8)
WARN  (EX0211) : The output port "parallel_data[133]" of module "top_input" has no driver, assigning undriven bits to Z, simulation mismatch possible("D:\document\GitHub\PE_module\asl_soc\source\rtl\nice\pre_data\top_input_pre_data_module.v":8)
WARN  (EX0211) : The output port "parallel_data[132]" of module "top_input" has no driver, assigning undriven bits to Z, simulation mismatch possible("D:\document\GitHub\PE_module\asl_soc\source\rtl\nice\pre_data\top_input_pre_data_module.v":8)
WARN  (EX0211) : The output port "parallel_data[131]" of module "top_input" has no driver, assigning undriven bits to Z, simulation mismatch possible("D:\document\GitHub\PE_module\asl_soc\source\rtl\nice\pre_data\top_input_pre_data_module.v":8)
WARN  (EX0211) : The output port "parallel_data[130]" of module "top_input" has no driver, assigning undriven bits to Z, simulation mismatch possible("D:\document\GitHub\PE_module\asl_soc\source\rtl\nice\pre_data\top_input_pre_data_module.v":8)
WARN  (EX0211) : The output port "parallel_data[129]" of module "top_input" has no driver, assigning undriven bits to Z, simulation mismatch possible("D:\document\GitHub\PE_module\asl_soc\source\rtl\nice\pre_data\top_input_pre_data_module.v":8)
WARN  (EX0211) : The output port "parallel_data[128]" of module "top_input" has no driver, assigning undriven bits to Z, simulation mismatch possible("D:\document\GitHub\PE_module\asl_soc\source\rtl\nice\pre_data\top_input_pre_data_module.v":8)
WARN  (EX0211) : The output port "parallel_data[127]" of module "top_input" has no driver, assigning undriven bits to Z, simulation mismatch possible("D:\document\GitHub\PE_module\asl_soc\source\rtl\nice\pre_data\top_input_pre_data_module.v":8)
WARN  (EX0211) : The output port "parallel_data[126]" of module "top_input" has no driver, assigning undriven bits to Z, simulation mismatch possible("D:\document\GitHub\PE_module\asl_soc\source\rtl\nice\pre_data\top_input_pre_data_module.v":8)
WARN  (EX0211) : The output port "parallel_data[125]" of module "top_input" has no driver, assigning undriven bits to Z, simulation mismatch possible("D:\document\GitHub\PE_module\asl_soc\source\rtl\nice\pre_data\top_input_pre_data_module.v":8)
WARN  (EX0211) : The output port "parallel_data[124]" of module "top_input" has no driver, assigning undriven bits to Z, simulation mismatch possible("D:\document\GitHub\PE_module\asl_soc\source\rtl\nice\pre_data\top_input_pre_data_module.v":8)
WARN  (EX0211) : The output port "parallel_data[123]" of module "top_input" has no driver, assigning undriven bits to Z, simulation mismatch possible("D:\document\GitHub\PE_module\asl_soc\source\rtl\nice\pre_data\top_input_pre_data_module.v":8)
WARN  (EX0211) : The output port "parallel_data[122]" of module "top_input" has no driver, assigning undriven bits to Z, simulation mismatch possible("D:\document\GitHub\PE_module\asl_soc\source\rtl\nice\pre_data\top_input_pre_data_module.v":8)
WARN  (EX0211) : The output port "parallel_data[121]" of module "top_input" has no driver, assigning undriven bits to Z, simulation mismatch possible("D:\document\GitHub\PE_module\asl_soc\source\rtl\nice\pre_data\top_input_pre_data_module.v":8)
WARN  (EX0211) : The output port "parallel_data[120]" of module "top_input" has no driver, assigning undriven bits to Z, simulation mismatch possible("D:\document\GitHub\PE_module\asl_soc\source\rtl\nice\pre_data\top_input_pre_data_module.v":8)
WARN  (EX0211) : The output port "parallel_data[119]" of module "top_input" has no driver, assigning undriven bits to Z, simulation mismatch possible("D:\document\GitHub\PE_module\asl_soc\source\rtl\nice\pre_data\top_input_pre_data_module.v":8)
WARN  (EX0211) : The output port "parallel_data[118]" of module "top_input" has no driver, assigning undriven bits to Z, simulation mismatch possible("D:\document\GitHub\PE_module\asl_soc\source\rtl\nice\pre_data\top_input_pre_data_module.v":8)
WARN  (EX0211) : The output port "parallel_data[117]" of module "top_input" has no driver, assigning undriven bits to Z, simulation mismatch possible("D:\document\GitHub\PE_module\asl_soc\source\rtl\nice\pre_data\top_input_pre_data_module.v":8)
WARN  (EX0211) : The output port "parallel_data[116]" of module "top_input" has no driver, assigning undriven bits to Z, simulation mismatch possible("D:\document\GitHub\PE_module\asl_soc\source\rtl\nice\pre_data\top_input_pre_data_module.v":8)
WARN  (EX0211) : The output port "parallel_data[115]" of module "top_input" has no driver, assigning undriven bits to Z, simulation mismatch possible("D:\document\GitHub\PE_module\asl_soc\source\rtl\nice\pre_data\top_input_pre_data_module.v":8)
WARN  (EX0211) : The output port "parallel_data[114]" of module "top_input" has no driver, assigning undriven bits to Z, simulation mismatch possible("D:\document\GitHub\PE_module\asl_soc\source\rtl\nice\pre_data\top_input_pre_data_module.v":8)
WARN  (EX0211) : The output port "parallel_data[113]" of module "top_input" has no driver, assigning undriven bits to Z, simulation mismatch possible("D:\document\GitHub\PE_module\asl_soc\source\rtl\nice\pre_data\top_input_pre_data_module.v":8)
WARN  (EX0211) : The output port "parallel_data[112]" of module "top_input" has no driver, assigning undriven bits to Z, simulation mismatch possible("D:\document\GitHub\PE_module\asl_soc\source\rtl\nice\pre_data\top_input_pre_data_module.v":8)
WARN  (EX0211) : The output port "parallel_data[111]" of module "top_input" has no driver, assigning undriven bits to Z, simulation mismatch possible("D:\document\GitHub\PE_module\asl_soc\source\rtl\nice\pre_data\top_input_pre_data_module.v":8)
WARN  (EX0211) : The output port "parallel_data[110]" of module "top_input" has no driver, assigning undriven bits to Z, simulation mismatch possible("D:\document\GitHub\PE_module\asl_soc\source\rtl\nice\pre_data\top_input_pre_data_module.v":8)
WARN  (EX0211) : The output port "parallel_data[109]" of module "top_input" has no driver, assigning undriven bits to Z, simulation mismatch possible("D:\document\GitHub\PE_module\asl_soc\source\rtl\nice\pre_data\top_input_pre_data_module.v":8)
WARN  (EX0211) : The output port "parallel_data[108]" of module "top_input" has no driver, assigning undriven bits to Z, simulation mismatch possible("D:\document\GitHub\PE_module\asl_soc\source\rtl\nice\pre_data\top_input_pre_data_module.v":8)
WARN  (EX0211) : The output port "parallel_data[107]" of module "top_input" has no driver, assigning undriven bits to Z, simulation mismatch possible("D:\document\GitHub\PE_module\asl_soc\source\rtl\nice\pre_data\top_input_pre_data_module.v":8)
WARN  (EX0211) : The output port "parallel_data[106]" of module "top_input" has no driver, assigning undriven bits to Z, simulation mismatch possible("D:\document\GitHub\PE_module\asl_soc\source\rtl\nice\pre_data\top_input_pre_data_module.v":8)
WARN  (EX0211) : The output port "parallel_data[105]" of module "top_input" has no driver, assigning undriven bits to Z, simulation mismatch possible("D:\document\GitHub\PE_module\asl_soc\source\rtl\nice\pre_data\top_input_pre_data_module.v":8)
WARN  (EX0211) : The output port "parallel_data[104]" of module "top_input" has no driver, assigning undriven bits to Z, simulation mismatch possible("D:\document\GitHub\PE_module\asl_soc\source\rtl\nice\pre_data\top_input_pre_data_module.v":8)
WARN  (EX0211) : The output port "parallel_data[103]" of module "top_input" has no driver, assigning undriven bits to Z, simulation mismatch possible("D:\document\GitHub\PE_module\asl_soc\source\rtl\nice\pre_data\top_input_pre_data_module.v":8)
WARN  (EX0211) : The output port "parallel_data[102]" of module "top_input" has no driver, assigning undriven bits to Z, simulation mismatch possible("D:\document\GitHub\PE_module\asl_soc\source\rtl\nice\pre_data\top_input_pre_data_module.v":8)
WARN  (EX0211) : The output port "parallel_data[101]" of module "top_input" has no driver, assigning undriven bits to Z, simulation mismatch possible("D:\document\GitHub\PE_module\asl_soc\source\rtl\nice\pre_data\top_input_pre_data_module.v":8)
WARN  (EX0211) : The output port "parallel_data[100]" of module "top_input" has no driver, assigning undriven bits to Z, simulation mismatch possible("D:\document\GitHub\PE_module\asl_soc\source\rtl\nice\pre_data\top_input_pre_data_module.v":8)
WARN  (EX0211) : The output port "parallel_data[99]" of module "top_input" has no driver, assigning undriven bits to Z, simulation mismatch possible("D:\document\GitHub\PE_module\asl_soc\source\rtl\nice\pre_data\top_input_pre_data_module.v":8)
WARN  (EX0211) : The output port "parallel_data[98]" of module "top_input" has no driver, assigning undriven bits to Z, simulation mismatch possible("D:\document\GitHub\PE_module\asl_soc\source\rtl\nice\pre_data\top_input_pre_data_module.v":8)
WARN  (EX0211) : The output port "parallel_data[97]" of module "top_input" has no driver, assigning undriven bits to Z, simulation mismatch possible("D:\document\GitHub\PE_module\asl_soc\source\rtl\nice\pre_data\top_input_pre_data_module.v":8)
WARN  (EX0211) : The output port "parallel_data[96]" of module "top_input" has no driver, assigning undriven bits to Z, simulation mismatch possible("D:\document\GitHub\PE_module\asl_soc\source\rtl\nice\pre_data\top_input_pre_data_module.v":8)
WARN  (EX0211) : The output port "parallel_data[95]" of module "top_input" has no driver, assigning undriven bits to Z, simulation mismatch possible("D:\document\GitHub\PE_module\asl_soc\source\rtl\nice\pre_data\top_input_pre_data_module.v":8)
WARN  (EX0211) : The output port "parallel_data[94]" of module "top_input" has no driver, assigning undriven bits to Z, simulation mismatch possible("D:\document\GitHub\PE_module\asl_soc\source\rtl\nice\pre_data\top_input_pre_data_module.v":8)
WARN  (EX0211) : The output port "parallel_data[93]" of module "top_input" has no driver, assigning undriven bits to Z, simulation mismatch possible("D:\document\GitHub\PE_module\asl_soc\source\rtl\nice\pre_data\top_input_pre_data_module.v":8)
WARN  (EX0211) : The output port "parallel_data[92]" of module "top_input" has no driver, assigning undriven bits to Z, simulation mismatch possible("D:\document\GitHub\PE_module\asl_soc\source\rtl\nice\pre_data\top_input_pre_data_module.v":8)
WARN  (EX0211) : The output port "parallel_data[91]" of module "top_input" has no driver, assigning undriven bits to Z, simulation mismatch possible("D:\document\GitHub\PE_module\asl_soc\source\rtl\nice\pre_data\top_input_pre_data_module.v":8)
WARN  (EX0211) : The output port "parallel_data[90]" of module "top_input" has no driver, assigning undriven bits to Z, simulation mismatch possible("D:\document\GitHub\PE_module\asl_soc\source\rtl\nice\pre_data\top_input_pre_data_module.v":8)
WARN  (EX0211) : The output port "parallel_data[89]" of module "top_input" has no driver, assigning undriven bits to Z, simulation mismatch possible("D:\document\GitHub\PE_module\asl_soc\source\rtl\nice\pre_data\top_input_pre_data_module.v":8)
WARN  (EX0211) : The output port "parallel_data[88]" of module "top_input" has no driver, assigning undriven bits to Z, simulation mismatch possible("D:\document\GitHub\PE_module\asl_soc\source\rtl\nice\pre_data\top_input_pre_data_module.v":8)
WARN  (EX0211) : The output port "parallel_data[87]" of module "top_input" has no driver, assigning undriven bits to Z, simulation mismatch possible("D:\document\GitHub\PE_module\asl_soc\source\rtl\nice\pre_data\top_input_pre_data_module.v":8)
WARN  (EX0211) : The output port "parallel_data[86]" of module "top_input" has no driver, assigning undriven bits to Z, simulation mismatch possible("D:\document\GitHub\PE_module\asl_soc\source\rtl\nice\pre_data\top_input_pre_data_module.v":8)
WARN  (EX0211) : The output port "parallel_data[85]" of module "top_input" has no driver, assigning undriven bits to Z, simulation mismatch possible("D:\document\GitHub\PE_module\asl_soc\source\rtl\nice\pre_data\top_input_pre_data_module.v":8)
WARN  (EX0211) : The output port "parallel_data[84]" of module "top_input" has no driver, assigning undriven bits to Z, simulation mismatch possible("D:\document\GitHub\PE_module\asl_soc\source\rtl\nice\pre_data\top_input_pre_data_module.v":8)
WARN  (EX0211) : The output port "parallel_data[83]" of module "top_input" has no driver, assigning undriven bits to Z, simulation mismatch possible("D:\document\GitHub\PE_module\asl_soc\source\rtl\nice\pre_data\top_input_pre_data_module.v":8)
WARN  (EX0211) : The output port "parallel_data[82]" of module "top_input" has no driver, assigning undriven bits to Z, simulation mismatch possible("D:\document\GitHub\PE_module\asl_soc\source\rtl\nice\pre_data\top_input_pre_data_module.v":8)
WARN  (EX0211) : The output port "parallel_data[81]" of module "top_input" has no driver, assigning undriven bits to Z, simulation mismatch possible("D:\document\GitHub\PE_module\asl_soc\source\rtl\nice\pre_data\top_input_pre_data_module.v":8)
WARN  (EX0211) : The output port "parallel_data[80]" of module "top_input" has no driver, assigning undriven bits to Z, simulation mismatch possible("D:\document\GitHub\PE_module\asl_soc\source\rtl\nice\pre_data\top_input_pre_data_module.v":8)
WARN  (EX0211) : The output port "parallel_data[79]" of module "top_input" has no driver, assigning undriven bits to Z, simulation mismatch possible("D:\document\GitHub\PE_module\asl_soc\source\rtl\nice\pre_data\top_input_pre_data_module.v":8)
WARN  (EX0211) : The output port "parallel_data[78]" of module "top_input" has no driver, assigning undriven bits to Z, simulation mismatch possible("D:\document\GitHub\PE_module\asl_soc\source\rtl\nice\pre_data\top_input_pre_data_module.v":8)
WARN  (EX0211) : The output port "parallel_data[77]" of module "top_input" has no driver, assigning undriven bits to Z, simulation mismatch possible("D:\document\GitHub\PE_module\asl_soc\source\rtl\nice\pre_data\top_input_pre_data_module.v":8)
WARN  (EX0211) : The output port "parallel_data[76]" of module "top_input" has no driver, assigning undriven bits to Z, simulation mismatch possible("D:\document\GitHub\PE_module\asl_soc\source\rtl\nice\pre_data\top_input_pre_data_module.v":8)
WARN  (EX0211) : The output port "parallel_data[75]" of module "top_input" has no driver, assigning undriven bits to Z, simulation mismatch possible("D:\document\GitHub\PE_module\asl_soc\source\rtl\nice\pre_data\top_input_pre_data_module.v":8)
WARN  (EX0211) : The output port "parallel_data[74]" of module "top_input" has no driver, assigning undriven bits to Z, simulation mismatch possible("D:\document\GitHub\PE_module\asl_soc\source\rtl\nice\pre_data\top_input_pre_data_module.v":8)
WARN  (EX0211) : The output port "parallel_data[73]" of module "top_input" has no driver, assigning undriven bits to Z, simulation mismatch possible("D:\document\GitHub\PE_module\asl_soc\source\rtl\nice\pre_data\top_input_pre_data_module.v":8)
WARN  (EX0211) : The output port "parallel_data[72]" of module "top_input" has no driver, assigning undriven bits to Z, simulation mismatch possible("D:\document\GitHub\PE_module\asl_soc\source\rtl\nice\pre_data\top_input_pre_data_module.v":8)
WARN  (EX0211) : The output port "parallel_data[71]" of module "top_input" has no driver, assigning undriven bits to Z, simulation mismatch possible("D:\document\GitHub\PE_module\asl_soc\source\rtl\nice\pre_data\top_input_pre_data_module.v":8)
WARN  (EX0211) : The output port "parallel_data[70]" of module "top_input" has no driver, assigning undriven bits to Z, simulation mismatch possible("D:\document\GitHub\PE_module\asl_soc\source\rtl\nice\pre_data\top_input_pre_data_module.v":8)
WARN  (EX0211) : The output port "parallel_data[69]" of module "top_input" has no driver, assigning undriven bits to Z, simulation mismatch possible("D:\document\GitHub\PE_module\asl_soc\source\rtl\nice\pre_data\top_input_pre_data_module.v":8)
WARN  (EX0211) : The output port "parallel_data[68]" of module "top_input" has no driver, assigning undriven bits to Z, simulation mismatch possible("D:\document\GitHub\PE_module\asl_soc\source\rtl\nice\pre_data\top_input_pre_data_module.v":8)
WARN  (EX0211) : The output port "parallel_data[67]" of module "top_input" has no driver, assigning undriven bits to Z, simulation mismatch possible("D:\document\GitHub\PE_module\asl_soc\source\rtl\nice\pre_data\top_input_pre_data_module.v":8)
WARN  (EX0211) : The output port "parallel_data[66]" of module "top_input" has no driver, assigning undriven bits to Z, simulation mismatch possible("D:\document\GitHub\PE_module\asl_soc\source\rtl\nice\pre_data\top_input_pre_data_module.v":8)
WARN  (EX0211) : The output port "parallel_data[65]" of module "top_input" has no driver, assigning undriven bits to Z, simulation mismatch possible("D:\document\GitHub\PE_module\asl_soc\source\rtl\nice\pre_data\top_input_pre_data_module.v":8)
WARN  (EX0211) : The output port "parallel_data[64]" of module "top_input" has no driver, assigning undriven bits to Z, simulation mismatch possible("D:\document\GitHub\PE_module\asl_soc\source\rtl\nice\pre_data\top_input_pre_data_module.v":8)
WARN  (EX0211) : The output port "parallel_data[63]" of module "top_input" has no driver, assigning undriven bits to Z, simulation mismatch possible("D:\document\GitHub\PE_module\asl_soc\source\rtl\nice\pre_data\top_input_pre_data_module.v":8)
WARN  (EX0211) : The output port "parallel_data[62]" of module "top_input" has no driver, assigning undriven bits to Z, simulation mismatch possible("D:\document\GitHub\PE_module\asl_soc\source\rtl\nice\pre_data\top_input_pre_data_module.v":8)
WARN  (EX0211) : The output port "parallel_data[61]" of module "top_input" has no driver, assigning undriven bits to Z, simulation mismatch possible("D:\document\GitHub\PE_module\asl_soc\source\rtl\nice\pre_data\top_input_pre_data_module.v":8)
WARN  (EX0211) : The output port "parallel_data[60]" of module "top_input" has no driver, assigning undriven bits to Z, simulation mismatch possible("D:\document\GitHub\PE_module\asl_soc\source\rtl\nice\pre_data\top_input_pre_data_module.v":8)
WARN  (EX0211) : The output port "parallel_data[59]" of module "top_input" has no driver, assigning undriven bits to Z, simulation mismatch possible("D:\document\GitHub\PE_module\asl_soc\source\rtl\nice\pre_data\top_input_pre_data_module.v":8)
WARN  (EX0211) : The output port "parallel_data[58]" of module "top_input" has no driver, assigning undriven bits to Z, simulation mismatch possible("D:\document\GitHub\PE_module\asl_soc\source\rtl\nice\pre_data\top_input_pre_data_module.v":8)
WARN  (EX0211) : The output port "parallel_data[57]" of module "top_input" has no driver, assigning undriven bits to Z, simulation mismatch possible("D:\document\GitHub\PE_module\asl_soc\source\rtl\nice\pre_data\top_input_pre_data_module.v":8)
WARN  (EX0211) : The output port "parallel_data[56]" of module "top_input" has no driver, assigning undriven bits to Z, simulation mismatch possible("D:\document\GitHub\PE_module\asl_soc\source\rtl\nice\pre_data\top_input_pre_data_module.v":8)
WARN  (EX0211) : The output port "parallel_data[55]" of module "top_input" has no driver, assigning undriven bits to Z, simulation mismatch possible("D:\document\GitHub\PE_module\asl_soc\source\rtl\nice\pre_data\top_input_pre_data_module.v":8)
WARN  (EX0211) : The output port "parallel_data[54]" of module "top_input" has no driver, assigning undriven bits to Z, simulation mismatch possible("D:\document\GitHub\PE_module\asl_soc\source\rtl\nice\pre_data\top_input_pre_data_module.v":8)
WARN  (EX0211) : The output port "parallel_data[53]" of module "top_input" has no driver, assigning undriven bits to Z, simulation mismatch possible("D:\document\GitHub\PE_module\asl_soc\source\rtl\nice\pre_data\top_input_pre_data_module.v":8)
WARN  (EX0211) : The output port "parallel_data[52]" of module "top_input" has no driver, assigning undriven bits to Z, simulation mismatch possible("D:\document\GitHub\PE_module\asl_soc\source\rtl\nice\pre_data\top_input_pre_data_module.v":8)
WARN  (EX0211) : The output port "parallel_data[51]" of module "top_input" has no driver, assigning undriven bits to Z, simulation mismatch possible("D:\document\GitHub\PE_module\asl_soc\source\rtl\nice\pre_data\top_input_pre_data_module.v":8)
WARN  (EX0211) : The output port "parallel_data[50]" of module "top_input" has no driver, assigning undriven bits to Z, simulation mismatch possible("D:\document\GitHub\PE_module\asl_soc\source\rtl\nice\pre_data\top_input_pre_data_module.v":8)
WARN  (EX0211) : The output port "parallel_data[49]" of module "top_input" has no driver, assigning undriven bits to Z, simulation mismatch possible("D:\document\GitHub\PE_module\asl_soc\source\rtl\nice\pre_data\top_input_pre_data_module.v":8)
WARN  (EX0211) : The output port "parallel_data[48]" of module "top_input" has no driver, assigning undriven bits to Z, simulation mismatch possible("D:\document\GitHub\PE_module\asl_soc\source\rtl\nice\pre_data\top_input_pre_data_module.v":8)
WARN  (EX0211) : The output port "parallel_data[47]" of module "top_input" has no driver, assigning undriven bits to Z, simulation mismatch possible("D:\document\GitHub\PE_module\asl_soc\source\rtl\nice\pre_data\top_input_pre_data_module.v":8)
WARN  (EX0211) : The output port "parallel_data[46]" of module "top_input" has no driver, assigning undriven bits to Z, simulation mismatch possible("D:\document\GitHub\PE_module\asl_soc\source\rtl\nice\pre_data\top_input_pre_data_module.v":8)
WARN  (EX0211) : The output port "parallel_data[45]" of module "top_input" has no driver, assigning undriven bits to Z, simulation mismatch possible("D:\document\GitHub\PE_module\asl_soc\source\rtl\nice\pre_data\top_input_pre_data_module.v":8)
WARN  (EX0211) : The output port "parallel_data[44]" of module "top_input" has no driver, assigning undriven bits to Z, simulation mismatch possible("D:\document\GitHub\PE_module\asl_soc\source\rtl\nice\pre_data\top_input_pre_data_module.v":8)
WARN  (EX0211) : The output port "parallel_data[43]" of module "top_input" has no driver, assigning undriven bits to Z, simulation mismatch possible("D:\document\GitHub\PE_module\asl_soc\source\rtl\nice\pre_data\top_input_pre_data_module.v":8)
WARN  (EX0211) : The output port "parallel_data[42]" of module "top_input" has no driver, assigning undriven bits to Z, simulation mismatch possible("D:\document\GitHub\PE_module\asl_soc\source\rtl\nice\pre_data\top_input_pre_data_module.v":8)
WARN  (EX0211) : The output port "parallel_data[41]" of module "top_input" has no driver, assigning undriven bits to Z, simulation mismatch possible("D:\document\GitHub\PE_module\asl_soc\source\rtl\nice\pre_data\top_input_pre_data_module.v":8)
WARN  (EX0211) : The output port "parallel_data[40]" of module "top_input" has no driver, assigning undriven bits to Z, simulation mismatch possible("D:\document\GitHub\PE_module\asl_soc\source\rtl\nice\pre_data\top_input_pre_data_module.v":8)
WARN  (EX0211) : The output port "parallel_data[39]" of module "top_input" has no driver, assigning undriven bits to Z, simulation mismatch possible("D:\document\GitHub\PE_module\asl_soc\source\rtl\nice\pre_data\top_input_pre_data_module.v":8)
WARN  (EX0211) : The output port "parallel_data[38]" of module "top_input" has no driver, assigning undriven bits to Z, simulation mismatch possible("D:\document\GitHub\PE_module\asl_soc\source\rtl\nice\pre_data\top_input_pre_data_module.v":8)
WARN  (EX0211) : The output port "parallel_data[37]" of module "top_input" has no driver, assigning undriven bits to Z, simulation mismatch possible("D:\document\GitHub\PE_module\asl_soc\source\rtl\nice\pre_data\top_input_pre_data_module.v":8)
WARN  (EX0211) : The output port "parallel_data[36]" of module "top_input" has no driver, assigning undriven bits to Z, simulation mismatch possible("D:\document\GitHub\PE_module\asl_soc\source\rtl\nice\pre_data\top_input_pre_data_module.v":8)
WARN  (EX0211) : The output port "parallel_data[35]" of module "top_input" has no driver, assigning undriven bits to Z, simulation mismatch possible("D:\document\GitHub\PE_module\asl_soc\source\rtl\nice\pre_data\top_input_pre_data_module.v":8)
WARN  (EX0211) : The output port "parallel_data[34]" of module "top_input" has no driver, assigning undriven bits to Z, simulation mismatch possible("D:\document\GitHub\PE_module\asl_soc\source\rtl\nice\pre_data\top_input_pre_data_module.v":8)
WARN  (EX0211) : The output port "parallel_data[33]" of module "top_input" has no driver, assigning undriven bits to Z, simulation mismatch possible("D:\document\GitHub\PE_module\asl_soc\source\rtl\nice\pre_data\top_input_pre_data_module.v":8)
WARN  (EX0211) : The output port "parallel_data[32]" of module "top_input" has no driver, assigning undriven bits to Z, simulation mismatch possible("D:\document\GitHub\PE_module\asl_soc\source\rtl\nice\pre_data\top_input_pre_data_module.v":8)
WARN  (EX0211) : The output port "parallel_data[31]" of module "top_input" has no driver, assigning undriven bits to Z, simulation mismatch possible("D:\document\GitHub\PE_module\asl_soc\source\rtl\nice\pre_data\top_input_pre_data_module.v":8)
WARN  (EX0211) : The output port "parallel_data[30]" of module "top_input" has no driver, assigning undriven bits to Z, simulation mismatch possible("D:\document\GitHub\PE_module\asl_soc\source\rtl\nice\pre_data\top_input_pre_data_module.v":8)
WARN  (EX0211) : The output port "parallel_data[29]" of module "top_input" has no driver, assigning undriven bits to Z, simulation mismatch possible("D:\document\GitHub\PE_module\asl_soc\source\rtl\nice\pre_data\top_input_pre_data_module.v":8)
WARN  (EX0211) : The output port "parallel_data[28]" of module "top_input" has no driver, assigning undriven bits to Z, simulation mismatch possible("D:\document\GitHub\PE_module\asl_soc\source\rtl\nice\pre_data\top_input_pre_data_module.v":8)
WARN  (EX0211) : The output port "parallel_data[27]" of module "top_input" has no driver, assigning undriven bits to Z, simulation mismatch possible("D:\document\GitHub\PE_module\asl_soc\source\rtl\nice\pre_data\top_input_pre_data_module.v":8)
WARN  (EX0211) : The output port "parallel_data[26]" of module "top_input" has no driver, assigning undriven bits to Z, simulation mismatch possible("D:\document\GitHub\PE_module\asl_soc\source\rtl\nice\pre_data\top_input_pre_data_module.v":8)
WARN  (EX0211) : The output port "parallel_data[25]" of module "top_input" has no driver, assigning undriven bits to Z, simulation mismatch possible("D:\document\GitHub\PE_module\asl_soc\source\rtl\nice\pre_data\top_input_pre_data_module.v":8)
WARN  (EX0211) : The output port "parallel_data[24]" of module "top_input" has no driver, assigning undriven bits to Z, simulation mismatch possible("D:\document\GitHub\PE_module\asl_soc\source\rtl\nice\pre_data\top_input_pre_data_module.v":8)
WARN  (EX0211) : The output port "parallel_data[23]" of module "top_input" has no driver, assigning undriven bits to Z, simulation mismatch possible("D:\document\GitHub\PE_module\asl_soc\source\rtl\nice\pre_data\top_input_pre_data_module.v":8)
WARN  (EX0211) : The output port "parallel_data[22]" of module "top_input" has no driver, assigning undriven bits to Z, simulation mismatch possible("D:\document\GitHub\PE_module\asl_soc\source\rtl\nice\pre_data\top_input_pre_data_module.v":8)
WARN  (EX0211) : The output port "parallel_data[21]" of module "top_input" has no driver, assigning undriven bits to Z, simulation mismatch possible("D:\document\GitHub\PE_module\asl_soc\source\rtl\nice\pre_data\top_input_pre_data_module.v":8)
WARN  (EX0211) : The output port "parallel_data[20]" of module "top_input" has no driver, assigning undriven bits to Z, simulation mismatch possible("D:\document\GitHub\PE_module\asl_soc\source\rtl\nice\pre_data\top_input_pre_data_module.v":8)
WARN  (EX0211) : The output port "parallel_data[19]" of module "top_input" has no driver, assigning undriven bits to Z, simulation mismatch possible("D:\document\GitHub\PE_module\asl_soc\source\rtl\nice\pre_data\top_input_pre_data_module.v":8)
WARN  (EX0211) : The output port "parallel_data[18]" of module "top_input" has no driver, assigning undriven bits to Z, simulation mismatch possible("D:\document\GitHub\PE_module\asl_soc\source\rtl\nice\pre_data\top_input_pre_data_module.v":8)
WARN  (EX0211) : The output port "parallel_data[17]" of module "top_input" has no driver, assigning undriven bits to Z, simulation mismatch possible("D:\document\GitHub\PE_module\asl_soc\source\rtl\nice\pre_data\top_input_pre_data_module.v":8)
WARN  (EX0211) : The output port "parallel_data[16]" of module "top_input" has no driver, assigning undriven bits to Z, simulation mismatch possible("D:\document\GitHub\PE_module\asl_soc\source\rtl\nice\pre_data\top_input_pre_data_module.v":8)
WARN  (EX0211) : The output port "parallel_data[15]" of module "top_input" has no driver, assigning undriven bits to Z, simulation mismatch possible("D:\document\GitHub\PE_module\asl_soc\source\rtl\nice\pre_data\top_input_pre_data_module.v":8)
WARN  (EX0211) : The output port "parallel_data[14]" of module "top_input" has no driver, assigning undriven bits to Z, simulation mismatch possible("D:\document\GitHub\PE_module\asl_soc\source\rtl\nice\pre_data\top_input_pre_data_module.v":8)
WARN  (EX0211) : The output port "parallel_data[13]" of module "top_input" has no driver, assigning undriven bits to Z, simulation mismatch possible("D:\document\GitHub\PE_module\asl_soc\source\rtl\nice\pre_data\top_input_pre_data_module.v":8)
WARN  (EX0211) : The output port "parallel_data[12]" of module "top_input" has no driver, assigning undriven bits to Z, simulation mismatch possible("D:\document\GitHub\PE_module\asl_soc\source\rtl\nice\pre_data\top_input_pre_data_module.v":8)
WARN  (EX0211) : The output port "parallel_data[11]" of module "top_input" has no driver, assigning undriven bits to Z, simulation mismatch possible("D:\document\GitHub\PE_module\asl_soc\source\rtl\nice\pre_data\top_input_pre_data_module.v":8)
WARN  (EX0211) : The output port "parallel_data[10]" of module "top_input" has no driver, assigning undriven bits to Z, simulation mismatch possible("D:\document\GitHub\PE_module\asl_soc\source\rtl\nice\pre_data\top_input_pre_data_module.v":8)
WARN  (EX0211) : The output port "parallel_data[9]" of module "top_input" has no driver, assigning undriven bits to Z, simulation mismatch possible("D:\document\GitHub\PE_module\asl_soc\source\rtl\nice\pre_data\top_input_pre_data_module.v":8)
WARN  (EX0211) : The output port "parallel_data[8]" of module "top_input" has no driver, assigning undriven bits to Z, simulation mismatch possible("D:\document\GitHub\PE_module\asl_soc\source\rtl\nice\pre_data\top_input_pre_data_module.v":8)
WARN  (EX0211) : The output port "parallel_data[7]" of module "top_input" has no driver, assigning undriven bits to Z, simulation mismatch possible("D:\document\GitHub\PE_module\asl_soc\source\rtl\nice\pre_data\top_input_pre_data_module.v":8)
WARN  (EX0211) : The output port "parallel_data[6]" of module "top_input" has no driver, assigning undriven bits to Z, simulation mismatch possible("D:\document\GitHub\PE_module\asl_soc\source\rtl\nice\pre_data\top_input_pre_data_module.v":8)
WARN  (EX0211) : The output port "parallel_data[5]" of module "top_input" has no driver, assigning undriven bits to Z, simulation mismatch possible("D:\document\GitHub\PE_module\asl_soc\source\rtl\nice\pre_data\top_input_pre_data_module.v":8)
WARN  (EX0211) : The output port "parallel_data[4]" of module "top_input" has no driver, assigning undriven bits to Z, simulation mismatch possible("D:\document\GitHub\PE_module\asl_soc\source\rtl\nice\pre_data\top_input_pre_data_module.v":8)
WARN  (EX0211) : The output port "parallel_data[3]" of module "top_input" has no driver, assigning undriven bits to Z, simulation mismatch possible("D:\document\GitHub\PE_module\asl_soc\source\rtl\nice\pre_data\top_input_pre_data_module.v":8)
WARN  (EX0211) : The output port "parallel_data[2]" of module "top_input" has no driver, assigning undriven bits to Z, simulation mismatch possible("D:\document\GitHub\PE_module\asl_soc\source\rtl\nice\pre_data\top_input_pre_data_module.v":8)
WARN  (EX0211) : The output port "parallel_data[1]" of module "top_input" has no driver, assigning undriven bits to Z, simulation mismatch possible("D:\document\GitHub\PE_module\asl_soc\source\rtl\nice\pre_data\top_input_pre_data_module.v":8)
WARN  (EX0211) : The output port "parallel_data[0]" of module "top_input" has no driver, assigning undriven bits to Z, simulation mismatch possible("D:\document\GitHub\PE_module\asl_soc\source\rtl\nice\pre_data\top_input_pre_data_module.v":8)
WARN  (EX0211) : The output port "dout_vald" of module "top_input" has no driver, assigning undriven bits to Z, simulation mismatch possible("D:\document\GitHub\PE_module\asl_soc\source\rtl\nice\pre_data\top_input_pre_data_module.v":9)
WARN  (EX0211) : The output port "PE_clk" of module "top_input" has no driver, assigning undriven bits to Z, simulation mismatch possible("D:\document\GitHub\PE_module\asl_soc\source\rtl\nice\pre_data\top_input_pre_data_module.v":10)
[5%] Running netlist conversion ...
Running device independent optimization ...
[10%] Optimizing Phase 0 completed
[15%] Optimizing Phase 1 completed
[25%] Optimizing Phase 2 completed
Running inference ...
[30%] Inferring Phase 0 completed
[40%] Inferring Phase 1 completed
[50%] Inferring Phase 2 completed
[55%] Inferring Phase 3 completed
Running technical mapping ...
[60%] Tech-Mapping Phase 0 completed
[65%] Tech-Mapping Phase 1 completed
[75%] Tech-Mapping Phase 2 completed
[80%] Tech-Mapping Phase 3 completed
[90%] Tech-Mapping Phase 4 completed
[95%] Generate netlist file "D:\document\GitHub\PE_module\asl_soc\asl_soc\impl\gwsynthesis\asl_soc.vg" completed
[100%] Generate report file "D:\document\GitHub\PE_module\asl_soc\asl_soc\impl\gwsynthesis\asl_soc_syn.rpt.html" completed
GowinSynthesis finish
